Log file open, 03/04/17 18:46:24
LogInit:Display: Running engine for game: MyProject
LogPlatformFile: Not using cached read wrapper
LogInit:Display: RandInit(-1576083417) SRandInit(-1576083416).
LogTaskGraph: Started task graph with 4 named threads and 9 total threads with 1 sets of task threads.
LogStats: Stats thread started at 0.096215
LogInit: Version: 4.12.5-3039270+++UE4+Release-4.12
LogInit: API Version: 2992821
LogInit: Net Version: 3039270
LogDevObjectVersion: Number of dev versions registered: 13
LogDevObjectVersion:   Dev-Blueprints (B0D832E4-1F89-4F0D-ACCF-7EB736FD4AA2): 3
LogDevObjectVersion:   Dev-Build (E1C64328-A22C-4D53-A36C-8E866417BD8C): 0
LogDevObjectVersion:   Dev-Core (375EC13C-06E4-48FB-B500-84F0262A717E): 1
LogDevObjectVersion:   Dev-Editor (E4B068ED-F494-42E9-A231-DA0B2E46BB41): 2
LogDevObjectVersion:   Dev-Framework (CFFC743F-43B0-4480-9391-14DF171D2073): 6
LogDevObjectVersion:   Dev-Mobile (B02B49B5-BB20-44E9-A304-32B752E40360): 0
LogDevObjectVersion:   Dev-Networking (A4E4105C-59A1-49B5-A7C5-40C4547EDFEE): 0
LogDevObjectVersion:   Dev-Online (39C831C9-5AE6-47DC-9A44-9C173E1C8E7C): 0
LogDevObjectVersion:   Dev-Physics (78F01B33-EBEA-4F98-B9B4-84EACCB95AA2): 0
LogDevObjectVersion:   Dev-Platform (6631380F-2D4D-43E0-8009-CF276956A95A): 0
LogDevObjectVersion:   Dev-Rendering (12F88B9F-8875-4AFC-A67C-D90C383ABD29): 2
LogDevObjectVersion:   Dev-Sequencer (7B5AE74C-D270-4C10-A958-57980B212A5A): 0
LogDevObjectVersion:   Dev-VR (D7296918-1DD6-4BDD-9DE2-64A83CC13884): 0
LogInit: Compiled (64-bit): Jul  6 2016 09:09:46
LogInit: Compiled with Visual C++: 19.00.23026.00
LogInit: Build Configuration: Development
LogInit: Branch Name: ++UE4+Release-4.12
LogInit: Command line: 
LogInit: Base directory: C:/Program Files (x86)/Epic Games/4.12/Engine/Binaries/Win64/
LogInit: Installed Engine Build: 1
LogInit: Using libcurl 7.41.0
LogInit:  - built for x86_64-pc-win32
LogInit:  - supports SSL with WinSSL
LogInit:  - other features:
LogInit:      CURL_VERSION_SSL
LogInit:      CURL_VERSION_IPV6
LogInit:      CURL_VERSION_ASYNCHDNS
LogInit:      CURL_VERSION_LARGEFILE
LogInit:      CURL_VERSION_IDN
LogInit:  CurlRequestOptions (configurable via config and command line):
LogInit:  - bVerifyPeer = true  - Libcurl will verify peer certificate
LogInit:  - bUseHttpProxy = false  - Libcurl will NOT use HTTP proxy
LogInit:  - bDontReuseConnections = false  - Libcurl will reuse connections
LogInit:  - CertBundlePath = nullptr  - Libcurl will use whatever was configured at build time.
LogInit: Presizing for max 8388607 objects, including 0 objects not considered by GC, pre-allocating 0 bytes for permanent pool.
LogInit: Object subsystem initialized
[2017.03.04-18.46.24:806][  0]LogInit: Selected Device Profile: [Windows]
[2017.03.04-18.46.24:806][  0]LogInit: Applying CVar settings loaded from the selected device profile: [Windows]
[2017.03.04-18.46.24:817][  0]LogInit: Computer: TU45348
[2017.03.04-18.46.24:817][  0]LogInit: User: q5079792
[2017.03.04-18.46.24:817][  0]LogInit: CPU Page size=65536, Cores=6
[2017.03.04-18.46.24:817][  0]LogInit: High frequency timer resolution =3.410074 MHz
[2017.03.04-18.46.24:818][  0]LogMemory: Memory total: Physical=31.9GB (32GB approx)
[2017.03.04-18.46.24:818][  0]LogMemory: Platform Memory Stats for Windows
[2017.03.04-18.46.24:818][  0]LogMemory: Process Physical Memory: 192.16 MB used, 192.16 MB peak
[2017.03.04-18.46.24:818][  0]LogMemory: Process Virtual Memory: 195.73 MB used, 195.73 MB peak
[2017.03.04-18.46.24:818][  0]LogMemory: Physical Memory: 6692.53 MB used, 32684.16 MB total
[2017.03.04-18.46.24:818][  0]LogMemory: Virtual Memory: 543.04 MB used, 134217728.00 MB total
[2017.03.04-18.46.24:857][  0]LogTextLocalizationManager: No specific translations for ('en-GB') exist, so ('en') translations will be used.
[2017.03.04-18.46.25:190][  0]LogD3D11RHI: D3D11 adapters:
[2017.03.04-18.46.25:215][  0]LogD3D11RHI:    0. 'NVIDIA GeForce GTX 980 Ti' (Feature Level 11_0)
[2017.03.04-18.46.25:215][  0]LogD3D11RHI:       6047/0/16342 MB DedicatedVideo/DedicatedSystem/SharedSystem, Outputs:2, VendorId:0x10de
[2017.03.04-18.46.25:217][  0]LogD3D11RHI:    1. 'Microsoft Basic Render Driver' (Feature Level 11_0)
[2017.03.04-18.46.25:217][  0]LogD3D11RHI:       0/0/16342 MB DedicatedVideo/DedicatedSystem/SharedSystem, Outputs:0, VendorId:0x1414
[2017.03.04-18.46.25:217][  0]LogD3D11RHI: Chosen D3D11 Adapter: 0
[2017.03.04-18.46.25:222][  0]LogD3D11RHI: Creating new Direct3DDevice
[2017.03.04-18.46.25:222][  0]LogD3D11RHI:     GPU DeviceId: 0x17c8 (for the marketing name, search the web for "GPU Device Id")
[2017.03.04-18.46.25:222][  0]LogWindows: EnumDisplayDevices:
[2017.03.04-18.46.25:222][  0]LogWindows:    0. 'NVIDIA GeForce GTX 980 Ti' (P:1 D:1)
[2017.03.04-18.46.25:222][  0]LogWindows:    1. 'NVIDIA GeForce GTX 980 Ti' (P:0 D:1)
[2017.03.04-18.46.25:222][  0]LogWindows:    2. 'NVIDIA GeForce GTX 980 Ti' (P:0 D:0)
[2017.03.04-18.46.25:223][  0]LogWindows:    3. 'NVIDIA GeForce GTX 980 Ti' (P:0 D:0)
[2017.03.04-18.46.25:223][  0]LogWindows: DebugString: FoundDriverCount:4 
[2017.03.04-18.46.25:223][  0]LogD3D11RHI:     Adapter Name: NVIDIA GeForce GTX 980 Ti
[2017.03.04-18.46.25:223][  0]LogD3D11RHI:   Driver Version: 368.39 (internal:10.18.13.6839, unified:368.39)
[2017.03.04-18.46.25:223][  0]LogD3D11RHI:      Driver Date: 6-2-2016
[2017.03.04-18.46.25:223][  0]LogRHI: Texture pool is 1361 MB (70% of 1945 MB)
[2017.03.04-18.46.25:234][  0]LogD3D11RHI: Async texture creation enabled
[2017.03.04-18.46.25:243][  0]LogD3D11RHI: GPU Timing Frequency: 1000.000000 (Debug: 2 1)
[2017.03.04-18.46.25:243][  0]LogShaderCompilers: Guid format shader working directory is -9 characters bigger than the processId version (../../../../../../Users/q5079792/Desktop/Journeyman-Team-9/Intermediate/Shaders/WorkingDirectory/8720/).
[2017.03.04-18.46.25:243][  0]LogShaderCompilers: Cleaned the shader compiler working directory 'C:/Users/q5079792/AppData/Local/Temp/UnrealShaderWorkingDir/C1E3D29A434713CEA5144D954B4D73C2/'.
[2017.03.04-18.46.25:243][  0]LogShaderCompilers:Display: Using Local Shader Compiler.
[2017.03.04-18.46.26:151][  0]LogTemp:Display: Loaded TP AllDesktopTargetPlatform
[2017.03.04-18.46.26:159][  0]LogTemp:Display: Loaded TP WindowsClientTargetPlatform
[2017.03.04-18.46.26:167][  0]LogTemp:Display: Loaded TP WindowsNoEditorTargetPlatform
[2017.03.04-18.46.26:175][  0]LogTemp:Display: Loaded TP WindowsServerTargetPlatform
[2017.03.04-18.46.26:183][  0]LogTemp:Display: Loaded TP WindowsTargetPlatform
[2017.03.04-18.46.26:191][  0]LogTemp:Display: Loaded TP AndroidTargetPlatform
[2017.03.04-18.46.26:198][  0]LogTemp:Display: Loaded TP Android_ASTCTargetPlatform
[2017.03.04-18.46.26:205][  0]LogTemp:Display: Loaded TP Android_ATCTargetPlatform
[2017.03.04-18.46.26:212][  0]LogTemp:Display: Loaded TP Android_DXTTargetPlatform
[2017.03.04-18.46.26:219][  0]LogTemp:Display: Loaded TP Android_ETC1TargetPlatform
[2017.03.04-18.46.26:226][  0]LogTemp:Display: Loaded TP Android_ETC2TargetPlatform
[2017.03.04-18.46.26:240][  0]LogTemp:Display: Loaded TP Android_MultiTargetPlatform
[2017.03.04-18.46.26:240][  0]LogTemp:Display: Loaded TP Android_PVRTCTargetPlatform
[2017.03.04-18.46.26:241][  0]LogTemp:Display: Loaded TP HTML5TargetPlatform
[2017.03.04-18.46.26:262][  0]LogTemp:Display: Loaded TP IOSTargetPlatform
[2017.03.04-18.46.26:269][  0]LogTemp:Display: Loaded TP TVOSTargetPlatform
[2017.03.04-18.46.26:276][  0]LogTemp:Display: Loaded TP LinuxNoEditorTargetPlatform
[2017.03.04-18.46.26:283][  0]LogTemp:Display: Loaded TP LinuxServerTargetPlatform
[2017.03.04-18.46.26:290][  0]LogTemp:Display: Loaded TP LinuxTargetPlatform
[2017.03.04-18.46.26:290][  0]LogTargetPlatformManager:Display: Building Assets For Windows
[2017.03.04-18.46.26:353][  0]LogDerivedDataCache:Display: Max Cache Size: 512 MB
[2017.03.04-18.46.26:398][  0]LogDerivedDataCache: Loaded boot cache 0.04s 48MB C:/Users/q5079792/AppData/Local/UnrealEngine/4.12/DerivedDataCache/Boot.ddc.
[2017.03.04-18.46.26:398][  0]LogDerivedDataCache:Display: Loaded Boot cache: C:/Users/q5079792/AppData/Local/UnrealEngine/4.12/DerivedDataCache/Boot.ddc
[2017.03.04-18.46.26:398][  0]LogDerivedDataCache: FDerivedDataBackendGraph:  Pak pak cache file ../../../../../../Users/q5079792/Desktop/Journeyman-Team-9/DerivedDataCache/DDC.ddp not found, will not use a pak cache.
[2017.03.04-18.46.26:398][  0]LogDerivedDataCache: Unable to find inner node Pak for hierarchical cache Hierarchy.
[2017.03.04-18.46.26:398][  0]LogDerivedDataCache: FDerivedDataBackendGraph:  CompressedPak pak cache file ../../../../../../Users/q5079792/Desktop/Journeyman-Team-9/DerivedDataCache/Compressed.ddp not found, will not use a pak cache.
[2017.03.04-18.46.26:398][  0]LogDerivedDataCache: Unable to find inner node CompressedPak for hierarchical cache Hierarchy.
[2017.03.04-18.46.26:413][  0]LogDerivedDataCache:Display: Pak cache opened for reading ../../../Engine/DerivedDataCache/Compressed.ddp.
[2017.03.04-18.46.26:425][  0]LogDerivedDataCache: Using Local data cache path C:/Users/q5079792/AppData/Local/UnrealEngine/Common/DerivedDataCache: Writable
[2017.03.04-18.46.26:604][  0]LogInit: Selected Device Profile: [Windows]
[2017.03.04-18.46.26:605][  0]LogContentStreaming: Texture pool size is 0.00 MB
[2017.03.04-18.46.26:738][  0]LogMeshUtilities: No automatic mesh reduction module available
[2017.03.04-18.46.26:738][  0]LogMeshUtilities: No automatic mesh merging module available
[2017.03.04-18.46.26:738][  0]LogMeshUtilities: No distributed automatic mesh merging module available
[2017.03.04-18.46.26:950][  0]LogAssetRegistry: FAssetRegistry took 0.0217 seconds to start up
[2017.03.04-18.46.26:983][  0]LogPackageLocalizationCache: Processed 4 localized package path(s) for 2 prioritized culture(s) in 0.029998 seconds
[2017.03.04-18.46.26:986][  0]LogUObjectArray: 28739 objects as part of root set at end of initial load.
[2017.03.04-18.46.26:986][  0]LogUObjectAllocator: 5855632 out of 0 bytes used by permanent object pool.
[2017.03.04-18.46.26:986][  0]LogUObjectArray: CloseDisregardForGC: 0/0 objects in disregard for GC pool
[2017.03.04-18.46.26:993][  0]LogInit: WinSock: version 1.1 (2.2), MaxSocks=32767, MaxUdp=65467
[2017.03.04-18.46.27:141][  0]LogSlate: SlateFontCache - WITH_FREETYPE: 1, WITH_HARFBUZZ: 1
[2017.03.04-18.46.27:141][  0]LogSlate: SlateFontCache - WITH_FREETYPE: 1, WITH_HARFBUZZ: 1
[2017.03.04-18.46.27:713][  0]LogSubstanceCoreModule: Substance CPU Engine Loaded, Max Texture Size 2048
[2017.03.04-18.46.27:720][  0]LogUdpMessaging: Initializing bridge on interface 0.0.0.0:0 to multicast group 230.0.0.1:6666.
[2017.03.04-18.46.27:917][  0]SourceControl: Info Source control is disabled
[2017.03.04-18.46.27:927][  0]SourceControl: Info Source control is disabled
[2017.03.04-18.46.27:934][  0]SourceControl: Info Source control is disabled
[2017.03.04-18.46.27:941][  0]SourceControl: Info Source control is disabled
[2017.03.04-18.46.28:157][  0]LogEngine: Initializing Engine...
[2017.03.04-18.46.28:159][  0]LogHMD: SteamVR failed to initialize.  Err: 110
[2017.03.04-18.46.28:160][  0]LogHMD: SteamVR failed to initialize.  Err: 110
[2017.03.04-18.46.28:275][  0]LogAIModule: Creating AISystem for world NewWorld
[2017.03.04-18.46.28:280][  0]LogInit: XAudio2 using 'Speakers (Realtek High Definition Audio)' : 2 channels at 48 kHz using 32 bits per sample (channel mask 0x3)
[2017.03.04-18.46.28:298][  0]LogInit: FAudioDevice initialized.
[2017.03.04-18.46.28:319][  0]LogDerivedDataCache: Saved boot cache 0.02s 48MB C:/Users/q5079792/AppData/Local/UnrealEngine/4.12/DerivedDataCache/Boot.ddc.
[2017.03.04-18.46.28:327][  0]LogInit: Texture streaming: Enabled
[2017.03.04-18.46.28:348][  0]LogInit: Transaction tracking system initialized
[2017.03.04-18.46.28:367][  0]BlueprintLog: New page: Editor Load
[2017.03.04-18.46.28:430][  0]LocalizationService: Info Localization service is disabled
[2017.03.04-18.46.28:484][  0]LogConsoleResponse:Display: 
[2017.03.04-18.46.28:570][  0]LogCook:Display: Max memory allowance for cook 8192mb
[2017.03.04-18.46.28:570][  0]LogCook:Display: Mobile HDR setting 1
[2017.03.04-18.46.28:652][  0]LogFileCache: Scanning file cache for directory 'C:/Users/q5079792/Desktop/Journeyman-Team-9/Content/' took 0.02s
[2017.03.04-18.46.28:652][  0]SourceControl: Info Source control is disabled
[2017.03.04-18.46.28:652][  0]Cmd: MAP LOAD FILE="../../../../../../Users/q5079792/Desktop/Journeyman-Team-9/Content/StarterContent/Maps/Menu.umap" TEMPLATE=0 SHOWPROGRESS=1 FEATURELEVEL=3
[2017.03.04-18.46.28:652][  0]LightingResults: New page: Lighting Build
[2017.03.04-18.46.28:655][  0]MapCheck: New page: Map Check
[2017.03.04-18.46.28:655][  0]LightingResults: New page: Lighting Build
[2017.03.04-18.46.29:323][  0]LogBlueprint:Warning: Compiler Warning Input Axis Event references unknown Axis 'Look_Left/Right' for  InputAxis Look_Left/Right 
[2017.03.04-18.46.29:323][  0]LogBlueprint:Warning: Compiler Warning Input Axis Event references unknown Axis 'Look_Up/Down' for  InputAxis Look_Up/Down 
[2017.03.04-18.46.29:325][  0]LogBlueprint:Warning: Compiler Warning [0005.28] Compile of PlayerCharacter successful, but with 2 Warning(s) [in 8 ms] (/Game/UI_Menu/PlayerCharacter.PlayerCharacter)
[2017.03.04-18.46.29:325][  0]LogBlueprint:Warning: Compiler Warning [0005.28] Compile of PlayerCharacter successful, but with 3 Warning(s) [in 0 ms] (/Game/UI_Menu/PlayerCharacter.PlayerCharacter)
[2017.03.04-18.46.29:325][  0]LogBlueprint:Warning: Compiler Warning [0005.28] Compile of PlayerCharacter successful, but with 4 Warning(s) [in 0 ms] (/Game/UI_Menu/PlayerCharacter.PlayerCharacter)
[2017.03.04-18.46.29:334][  0]LogBlueprint:Warning: Compiler Warning Input Axis Event references unknown Axis 'Look_Left/Right' for  InputAxis Look_Left/Right 
[2017.03.04-18.46.29:334][  0]LogBlueprint:Warning: Compiler Warning Input Axis Event references unknown Axis 'Look_Up/Down' for  InputAxis Look_Up/Down 
[2017.03.04-18.46.29:336][  0]LogBlueprint:Warning: Compiler Warning [0005.29] Compile of PlayerCharacter successful, but with 2 Warning(s) [in 8 ms] (/Game/UI_Menu/PlayerCharacter.PlayerCharacter)
[2017.03.04-18.46.29:336][  0]LogBlueprint:Warning: Compiler Warning [0005.29] Compile of PlayerCharacter successful, but with 3 Warning(s) [in 0 ms] (/Game/UI_Menu/PlayerCharacter.PlayerCharacter)
[2017.03.04-18.46.29:336][  0]LogBlueprint:Warning: Compiler Warning [0005.29] Compile of PlayerCharacter successful, but with 4 Warning(s) [in 0 ms] (/Game/UI_Menu/PlayerCharacter.PlayerCharacter)
[2017.03.04-18.46.29:917][  0]LogAIModule: Creating AISystem for world Menu
[2017.03.04-18.46.29:923][  0]LogEditorServer: Finished looking for orphan Actors (0.000 secs)
[2017.03.04-18.46.29:923][  0]Cmd: MAP CHECKDEP NOCLEARLOG
[2017.03.04-18.46.29:983][  0]MapCheck: Info Map check complete: 0 Error(s), 0 Warning(s), took 60.173ms to complete.
[2017.03.04-18.46.29:983][  0]LogFileHelpers: Loading map 'Menu' took 1.331
[2017.03.04-18.46.30:103][  0]LogCollectionManager: Loaded 0 collections in 0.001293 seconds
[2017.03.04-18.46.30:145][  0]LogFileCache: Scanning file cache for directory 'C:/Users/q5079792/Desktop/Journeyman-Team-9/Saved/Collections/' took 0.01s
[2017.03.04-18.46.30:145][  0]LogFileCache: Scanning file cache for directory 'C:/Users/q5079792/Desktop/Journeyman-Team-9/Content/Developers/q5079792/Collections/' took 0.01s
[2017.03.04-18.46.30:145][  0]LogFileCache: Scanning file cache for directory 'C:/Users/q5079792/Desktop/Journeyman-Team-9/Content/Collections/' took 0.01s
[2017.03.04-18.46.30:145][  0]LogCollectionManager: Rebuilt the GUID cache for 0 collections in 0.000002 seconds
[2017.03.04-18.46.30:152][  0]LogContentBrowser: Native class hierarchy populated in 0.0070 seconds. Added 2087 classes and 380 folders.
[2017.03.04-18.46.30:156][  0]LogStats: UGameplayTagsManager::ConstructGameplayTagTree: Construct from data asset -  0.000 s
[2017.03.04-18.46.30:156][  0]LogStats: UGameplayTagsManager::ConstructGameplayTagTree: GameplayTagTreeChangedEvent.Broadcast -  0.000 s
[2017.03.04-18.46.30:156][  0]LogContentBrowser: Native class hierarchy updated for 'GameplayTags' in 0.0005 seconds. Added 12 classes and 0 folders.
[2017.03.04-18.46.30:161][  0]LogContentBrowser: Native class hierarchy updated for 'WidgetCarousel' in 0.0004 seconds. Added 0 classes and 0 folders.
[2017.03.04-18.46.30:201][  0]LogContentBrowser: Native class hierarchy updated for 'AddContentDialog' in 0.0005 seconds. Added 0 classes and 0 folders.
[2017.03.04-18.46.30:204][  0]LogContentBrowser: Native class hierarchy updated for 'SceneOutliner' in 0.0004 seconds. Added 1 classes and 2 folders.
[2017.03.04-18.46.30:216][  0]LogCrashTracker: Crashtracker disabled due to settings.
[2017.03.04-18.46.30:220][  0]LogUObjectGlobals:Warning: Failed to find object 'Class None.'
[2017.03.04-18.46.30:245][  0]LogContentBrowser: Native class hierarchy updated for 'HierarchicalLODOutliner' in 0.0005 seconds. Added 1 classes and 2 folders.
[2017.03.04-18.46.30:245][  0]LogLoad: Full Startup: 6.20 seconds (BP compile: 0.39 seconds)
[2017.03.04-18.46.30:245][  0]LogExternalProfiler: Found external profiler: VSPerf
[2017.03.04-18.46.30:245][  0]LogExternalProfiler: Using external profiler: VSPerf
[2017.03.04-18.46.30:254][  0]LogWindowsTextInputMethodSystem:Display: IME system now deactivated.
[2017.03.04-18.46.30:254][  0]LogWindowsTextInputMethodSystem:Display: IME system now deactivated.
[2017.03.04-18.46.30:254][  0]LogOcInput: OculusInput pre-init called
[2017.03.04-18.46.30:285][  0]LogContentStreaming: Texture pool size now 1000 MB
[2017.03.04-18.46.30:416][  0]LogRenderer: Reallocating scene render targets to support 1208x652 (Frame:2).
[2017.03.04-18.46.30:471][  1]LogFileCache: Retrieving MD5 hashes for directory 'C:/Users/q5079792/Desktop/Journeyman-Team-9/Content/' took 0.20s
[2017.03.04-18.46.30:491][  1]LogAssetRegistry: Asset discovery search completed in 3.5628 seconds
[2017.03.04-18.46.30:491][  1]LogCollectionManager: Rebuilt the object cache for 0 collections in 0.000001 seconds (found 0 objects)
[2017.03.04-18.46.30:491][  1]LogCollectionManager: Fixed up redirectors for 0 collections in 0.000019 seconds (updated 0 objects)
[2017.03.04-18.46.34:554][468]SourceControl: Info On branch Dave-Hub
[2017.03.04-18.46.34:554][468]SourceControl: Info Changes to be committed:
[2017.03.04-18.46.34:554][468]SourceControl: Info   (use "git reset HEAD <file>..." to unstage)
[2017.03.04-18.46.34:554][468]SourceControl: Info 	new file:   Content/Blueprints/Camera/BP_CineCameraSpline.uasset
[2017.03.04-18.46.34:554][468]SourceControl: Info 	new file:   Content/Blueprints/Camera/CineCameraTrigger.uasset
[2017.03.04-18.46.34:554][468]SourceControl: Info Changes not staged for commit:
[2017.03.04-18.46.34:554][468]SourceControl: Info   (use "git add/rm <file>..." to update what will be committed)
[2017.03.04-18.46.34:554][468]SourceControl: Info   (use "git checkout -- <file>..." to discard changes in working directory)
[2017.03.04-18.46.34:554][468]SourceControl: Info 	modified:   Content/Art/Misc/Frame/Frame_Foundation_Low.uasset
[2017.03.04-18.46.34:554][468]SourceControl: Info 	modified:   Content/Art/Misc/Frame/Frame_Platform_Low.uasset
[2017.03.04-18.46.34:554][468]SourceControl: Info 	modified:   Content/Art/Misc/Pillatr/Pillar_Stone_low.uasset
[2017.03.04-18.46.34:554][468]SourceControl: Info 	modified:   Content/Blueprints/Camera/BP_CameraSpline.uasset
[2017.03.04-18.46.34:554][468]SourceControl: Info 	modified:   Content/Blueprints/Camera/BP_CineCameraSpline.uasset
[2017.03.04-18.46.34:554][468]SourceControl: Info 	modified:   Content/Blueprints/Camera/CameraTrigger.uasset
[2017.03.04-18.46.34:554][468]SourceControl: Info 	modified:   Content/Blueprints/Camera/CineCameraTrigger.uasset
[2017.03.04-18.46.34:554][468]SourceControl: Info 	modified:   Content/Blueprints/Character/ThirdPersonCharacter.uasset
[2017.03.04-18.46.34:554][468]SourceControl: Info 	modified:   Content/Level_1_Tut.umap
[2017.03.04-18.46.34:554][468]SourceControl: Info 	modified:   Intermediate/CachedAssetRegistry.bin
[2017.03.04-18.46.34:554][468]SourceControl: Info 	modified:   Intermediate/ReimportCache/3688439234.bin
[2017.03.04-18.46.34:554][468]SourceControl: Info 	modified:   MyProject.uproject
[2017.03.04-18.46.34:554][468]SourceControl: Info 	modified:   Saved/AutoScreenshot.png
[2017.03.04-18.46.34:554][468]SourceControl: Info 	modified:   Saved/Autosaves/Game/Level_1_Tut_Auto1.umap
[2017.03.04-18.46.34:554][468]SourceControl: Info 	modified:   Saved/Autosaves/PackageRestoreData.json
[2017.03.04-18.46.34:554][468]SourceControl: Info 	modified:   Saved/Config/Windows/Editor.ini
[2017.03.04-18.46.34:554][468]SourceControl: Info 	modified:   Saved/Config/Windows/EditorPerProjectUserSettings.ini
[2017.03.04-18.46.34:554][468]SourceControl: Info 	modified:   Saved/Config/Windows/Engine.ini
[2017.03.04-18.46.34:554][468]SourceControl: Info 	modified:   Saved/Config/Windows/SourceControlSettings.ini
[2017.03.04-18.46.34:554][468]SourceControl: Info 	modified:   Saved/Config/WorldState/71503699.json
[2017.03.04-18.46.34:554][468]SourceControl: Info 	deleted:    Saved/Logs/MyProject-backup-2017.02.28-10.09.53.log
[2017.03.04-18.46.34:554][468]SourceControl: Info 	modified:   Saved/Logs/MyProject.log
[2017.03.04-18.46.34:554][468]SourceControl: Info 	modified:   Saved/SaveGames/CheckPointSlot.sav
[2017.03.04-18.46.34:554][468]SourceControl: Info Untracked files:
[2017.03.04-18.46.34:554][468]SourceControl: Info   (use "git add <file>..." to include in what will be committed)
[2017.03.04-18.46.34:554][468]SourceControl: Info 	Content/Maps/DavesHub.umap
[2017.03.04-18.46.34:554][468]SourceControl: Info 	Intermediate/AssetRegistryCache/30cceb06.bin
[2017.03.04-18.46.34:554][468]SourceControl: Info 	Intermediate/AssetRegistryCache/4c0a0e04.bin
[2017.03.04-18.46.34:554][468]SourceControl: Info 	Saved/Autosaves/Game/Blueprints/
[2017.03.04-18.46.34:554][468]SourceControl: Info 	Saved/Autosaves/Game/Level_1_Tut_Auto2.umap
[2017.03.04-18.46.34:554][468]SourceControl: Info 	Saved/Autosaves/Game/Level_1_Tut_Auto3.umap
[2017.03.04-18.46.34:554][468]SourceControl: Info 	Saved/Autosaves/Game/Level_1_Tut_Auto4.umap
[2017.03.04-18.46.34:554][468]SourceControl: Info 	Saved/Autosaves/Game/Level_1_Tut_Auto5.umap
[2017.03.04-18.46.34:554][468]SourceControl: Info 	Saved/Autosaves/Game/Level_1_Tut_Auto6.umap
[2017.03.04-18.46.34:554][468]SourceControl: Info 	Saved/Autosaves/Game/Level_1_Tut_Auto7.umap
[2017.03.04-18.46.34:554][468]SourceControl: Info 	Saved/Autosaves/Game/UEDPCLevel_1_Tut.umap
[2017.03.04-18.46.34:554][468]SourceControl: Info 	Saved/Backup/BP_CameraSpline_2017-03-02-10-47-27.uasset
[2017.03.04-18.46.34:554][468]SourceControl: Info 	Saved/Backup/BP_CameraSpline_2017-03-02-15-24-02.uasset
[2017.03.04-18.46.34:554][468]SourceControl: Info 	Saved/Backup/BP_CineCameraSpline_2017-03-02-10-15-42.uasset
[2017.03.04-18.46.34:554][468]SourceControl: Info 	Saved/Backup/BP_CineCameraSpline_2017-03-02-10-35-38.uasset
[2017.03.04-18.46.34:554][468]SourceControl: Info 	Saved/Backup/BP_CineCameraSpline_2017-03-02-10-47-27.uasset
[2017.03.04-18.46.34:554][468]SourceControl: Info 	Saved/Backup/BP_CineCameraSpline_2017-03-02-15-40-58.uasset
[2017.03.04-18.46.34:554][468]SourceControl: Info 	Saved/Backup/BP_CineCameraSpline_2017-03-02-16-09-09.uasset
[2017.03.04-18.46.34:554][468]SourceControl: Info 	Saved/Backup/BP_CineCameraSpline_2017-03-02-16-20-08.uasset
[2017.03.04-18.46.34:554][468]SourceControl: Info 	Saved/Backup/CameraTrigger_2017-03-02-10-47-28.uasset
[2017.03.04-18.46.34:555][468]SourceControl: Info 	Saved/Backup/CameraTrigger_2017-03-02-15-24-37.uasset
[2017.03.04-18.46.34:555][468]SourceControl: Info 	Saved/Backup/CameraTrigger_2017-03-02-16-09-08.uasset
[2017.03.04-18.46.34:555][468]SourceControl: Info 	Saved/Backup/CameraTrigger_2017-03-02-16-20-09.uasset
[2017.03.04-18.46.34:555][468]SourceControl: Info 	Saved/Backup/CameraTrigger_2017-03-02-16-51-12.uasset
[2017.03.04-18.46.34:555][468]SourceControl: Info 	Saved/Backup/CameraTrigger_2017-03-02-16-56-51.uasset
[2017.03.04-18.46.34:555][468]SourceControl: Info 	Saved/Backup/CameraTrigger_2017-03-02-17-02-46.uasset
[2017.03.04-18.46.34:555][468]SourceControl: Info 	Saved/Backup/CameraTrigger_2017-03-02-17-23-56.uasset
[2017.03.04-18.46.34:555][468]SourceControl: Info 	Saved/Backup/CineCameraTrigger_2017-03-02-10-42-42.uasset
[2017.03.04-18.46.34:555][468]SourceControl: Info 	Saved/Backup/CineCameraTrigger_2017-03-02-15-40-58.uasset
[2017.03.04-18.46.34:555][468]SourceControl: Info 	Saved/Backup/Frame_Foundation_Low_2017-03-03-11-55-54.uasset
[2017.03.04-18.46.34:555][468]SourceControl: Info 	Saved/Backup/Frame_Platform_Low_2017-03-03-11-56-03.uasset
[2017.03.04-18.46.34:555][468]SourceControl: Info 	Saved/Backup/Level_1_Tut_2017-03-02-10-05-37.umap
[2017.03.04-18.46.34:555][468]SourceControl: Info 	Saved/Backup/Level_1_Tut_2017-03-02-10-15-41.umap
[2017.03.04-18.46.34:555][468]SourceControl: Info 	Saved/Backup/Level_1_Tut_2017-03-02-10-47-26.umap
[2017.03.04-18.46.34:555][468]SourceControl: Info 	Saved/Backup/Level_1_Tut_2017-03-02-15-40-58.umap
[2017.03.04-18.46.34:555][468]SourceControl: Info 	Saved/Backup/Level_1_Tut_2017-03-02-15-46-46.umap
[2017.03.04-18.46.34:555][468]SourceControl: Info 	Saved/Backup/Level_1_Tut_2017-03-02-16-09-07.umap
[2017.03.04-18.46.34:555][468]SourceControl: Info 	Saved/Backup/Level_1_Tut_2017-03-02-16-20-09.umap
[2017.03.04-18.46.34:555][468]SourceControl: Info 	Saved/Backup/Level_1_Tut_2017-03-02-16-25-52.umap
[2017.03.04-18.46.34:555][468]SourceControl: Info 	Saved/Backup/Level_1_Tut_2017-03-02-16-51-12.umap
[2017.03.04-18.46.34:555][468]SourceControl: Info 	Saved/Backup/Level_1_Tut_2017-03-02-17-02-45.umap
[2017.03.04-18.46.34:555][468]SourceControl: Info 	Saved/Backup/Level_1_Tut_2017-03-02-17-14-09.umap
[2017.03.04-18.46.34:555][468]SourceControl: Info 	Saved/Backup/Level_1_Tut_2017-03-02-17-24-00.umap
[2017.03.04-18.46.34:555][468]SourceControl: Info 	Saved/Backup/Level_1_Tut_2017-03-03-11-27-30.umap
[2017.03.04-18.46.34:555][468]SourceControl: Info 	Saved/Backup/Level_1_Tut_2017-03-03-11-57-09.umap
[2017.03.04-18.46.34:555][468]SourceControl: Info 	Saved/Backup/Level_1_Tut_2017-03-03-12-13-53.umap
[2017.03.04-18.46.34:555][468]SourceControl: Info 	Saved/Backup/Level_1_Tut_2017-03-03-13-34-29.umap
[2017.03.04-18.46.34:555][468]SourceControl: Info 	Saved/Backup/Level_1_Tut_2017-03-03-13-47-11.umap
[2017.03.04-18.46.34:555][468]SourceControl: Info 	Saved/Backup/Pillar_Stone_low_2017-03-03-11-25-08.uasset
[2017.03.04-18.46.34:555][468]SourceControl: Info 	Saved/Backup/Pillar_Stone_low_2017-03-03-11-36-21.uasset
[2017.03.04-18.46.34:555][468]SourceControl: Info 	Saved/Backup/ThirdPersonCharacter_2017-03-02-15-24-37.uasset
[2017.03.04-18.46.34:555][468]SourceControl: Info 	Saved/Backup/ThirdPersonCharacter_2017-03-02-16-09-08.uasset
[2017.03.04-18.46.34:555][468]SourceControl: Info 	Saved/Backup/ThirdPersonCharacter_2017-03-02-16-20-09.uasset
[2017.03.04-18.46.34:555][468]SourceControl: Info 	Saved/Config/Windows/EditorUserSettings.ini.bak
[2017.03.04-18.46.34:555][468]SourceControl: Info 	Saved/HardwareSurvey/
[2017.03.04-18.46.34:555][468]SourceControl: Info 	Saved/Logs/MyProject-backup-2017.03.03-11.12.47.log
[2017.03.04-18.46.34:555][468]SourceControl: Info 	Saved/Logs/MyProject-backup-2017.03.04-18.45.20.log
[2017.03.04-18.46.34:555][468]SourceControl: Info 	Saved/Logs/MyProject-backup-2017.03.04-18.46.24.log
[2017.03.04-18.46.34:555][468]SourceControl: Info 	Saved/Logs/MyProject_2-backup-2017.03.02-15.43.59.log
[2017.03.04-18.46.34:555][468]SourceControl: Info 	Saved/Logs/MyProject_2-backup-2017.03.02-15.46.48.log
[2017.03.04-18.46.34:555][468]SourceControl: Info 	Saved/Logs/MyProject_2-backup-2017.03.02-15.50.15.log
[2017.03.04-18.46.34:555][468]SourceControl: Info 	Saved/Logs/MyProject_2-backup-2017.03.02-16.20.10.log
[2017.03.04-18.46.34:555][468]SourceControl: Info 	Saved/Logs/MyProject_2-backup-2017.03.02-16.25.53.log
[2017.03.04-18.46.34:555][468]SourceControl: Info 	Saved/Logs/MyProject_2.log
[2017.03.04-18.46.37:871][844]SourceControl: Info fatal: C:/Program Files (x86)/Epic Games/4.12/Engine/Content/: 'C:/Program Files (x86)/Epic Games/4.12/Engine/Content/' is outside r