Log file open, 02/28/17 12:25:13
LogInit:Display: Running engine for game: MyProject
LogPlatformFile: Not using cached read wrapper
LogInit:Display: RandInit(-809912791) SRandInit(-809912790).
LogTaskGraph: Started task graph with 4 named threads and 11 total threads with 1 sets of task threads.
LogStats: Stats thread started at 0.132391
LogInit: Version: 4.12.5-3039270+++UE4+Release-4.12
LogInit: API Version: 2992821
LogInit: Net Version: 3039270
LogDevObjectVersion: Number of dev versions registered: 13
LogDevObjectVersion:   Dev-Blueprints (B0D832E4-1F89-4F0D-ACCF-7EB736FD4AA2): 3
LogDevObjectVersion:   Dev-Build (E1C64328-A22C-4D53-A36C-8E866417BD8C): 0
LogDevObjectVersion:   Dev-Core (375EC13C-06E4-48FB-B500-84F0262A717E): 1
LogDevObjectVersion:   Dev-Editor (E4B068ED-F494-42E9-A231-DA0B2E46BB41): 2
LogDevObjectVersion:   Dev-Framework (CFFC743F-43B0-4480-9391-14DF171D2073): 6
LogDevObjectVersion:   Dev-Mobile (B02B49B5-BB20-44E9-A304-32B752E40360): 0
LogDevObjectVersion:   Dev-Networking (A4E4105C-59A1-49B5-A7C5-40C4547EDFEE): 0
LogDevObjectVersion:   Dev-Online (39C831C9-5AE6-47DC-9A44-9C173E1C8E7C): 0
LogDevObjectVersion:   Dev-Physics (78F01B33-EBEA-4F98-B9B4-84EACCB95AA2): 0
LogDevObjectVersion:   Dev-Platform (6631380F-2D4D-43E0-8009-CF276956A95A): 0
LogDevObjectVersion:   Dev-Rendering (12F88B9F-8875-4AFC-A67C-D90C383ABD29): 2
LogDevObjectVersion:   Dev-Sequencer (7B5AE74C-D270-4C10-A958-57980B212A5A): 0
LogDevObjectVersion:   Dev-VR (D7296918-1DD6-4BDD-9DE2-64A83CC13884): 0
LogInit: Compiled (64-bit): Jul  6 2016 09:09:46
LogInit: Compiled with Visual C++: 19.00.23026.00
LogInit: Build Configuration: Development
LogInit: Branch Name: ++UE4+Release-4.12
LogInit: Command line: 
LogInit: Base directory: C:/Program Files (x86)/Epic Games/4.12/Engine/Binaries/Win64/
LogInit: Installed Engine Build: 1
LogInit: Using libcurl 7.41.0
LogInit:  - built for x86_64-pc-win32
LogInit:  - supports SSL with WinSSL
LogInit:  - other features:
LogInit:      CURL_VERSION_SSL
LogInit:      CURL_VERSION_IPV6
LogInit:      CURL_VERSION_ASYNCHDNS
LogInit:      CURL_VERSION_LARGEFILE
LogInit:      CURL_VERSION_IDN
LogInit:  CurlRequestOptions (configurable via config and command line):
LogInit:  - bVerifyPeer = true  - Libcurl will verify peer certificate
LogInit:  - bUseHttpProxy = false  - Libcurl will NOT use HTTP proxy
LogInit:  - bDontReuseConnections = false  - Libcurl will reuse connections
LogInit:  - CertBundlePath = nullptr  - Libcurl will use whatever was configured at build time.
LogInit: Presizing for max 8388607 objects, including 0 objects not considered by GC, pre-allocating 0 bytes for permanent pool.
LogInit: Object subsystem initialized
[2017.02.28-12.25.13:841][  0]LogInit: Selected Device Profile: [Windows]
[2017.02.28-12.25.13:841][  0]LogInit: Applying CVar settings loaded from the selected device profile: [Windows]
[2017.02.28-12.25.13:869][  0]LogInit: Computer: TU98917
[2017.02.28-12.25.13:869][  0]LogInit: User: Q5069793
[2017.02.28-12.25.13:869][  0]LogInit: CPU Page size=65536, Cores=8
[2017.02.28-12.25.13:869][  0]LogInit: High frequency timer resolution =2.532957 MHz
[2017.02.28-12.25.13:869][  0]LogMemory: Memory total: Physical=63.9GB (64GB approx)
[2017.02.28-12.25.13:869][  0]LogMemory: Platform Memory Stats for Windows
[2017.02.28-12.25.13:869][  0]LogMemory: Process Physical Memory: 192.40 MB used, 192.40 MB peak
[2017.02.28-12.25.13:869][  0]LogMemory: Process Virtual Memory: 196.39 MB used, 196.39 MB peak
[2017.02.28-12.25.13:869][  0]LogMemory: Physical Memory: 7403.23 MB used, 65480.22 MB total
[2017.02.28-12.25.13:869][  0]LogMemory: Virtual Memory: 544.91 MB used, 134217728.00 MB total
[2017.02.28-12.25.14:122][  0]LogTextLocalizationManager: No specific translations for ('en-GB') exist, so ('en') translations will be used.
[2017.02.28-12.25.14:561][  0]LogD3D11RHI: D3D11 adapters:
[2017.02.28-12.25.14:595][  0]LogD3D11RHI:    0. 'NVIDIA Quadro K4000' (Feature Level 11_0)
[2017.02.28-12.25.14:595][  0]LogD3D11RHI:       3008/0/32740 MB DedicatedVideo/DedicatedSystem/SharedSystem, Outputs:2, VendorId:0x10de
[2017.02.28-12.25.14:599][  0]LogD3D11RHI:    1. 'Microsoft Basic Render Driver' (Feature Level 11_0)
[2017.02.28-12.25.14:599][  0]LogD3D11RHI:       0/0/32740 MB DedicatedVideo/DedicatedSystem/SharedSystem, Outputs:0, VendorId:0x1414
[2017.02.28-12.25.14:599][  0]LogD3D11RHI: Chosen D3D11 Adapter: 0
[2017.02.28-12.25.14:605][  0]LogD3D11RHI: Creating new Direct3DDevice
[2017.02.28-12.25.14:605][  0]LogD3D11RHI:     GPU DeviceId: 0x11fa (for the marketing name, search the web for "GPU Device Id")
[2017.02.28-12.25.14:605][  0]LogWindows: EnumDisplayDevices:
[2017.02.28-12.25.14:605][  0]LogWindows:    0. 'NVIDIA Quadro K4000' (P:1 D:1)
[2017.02.28-12.25.14:605][  0]LogWindows:    1. 'NVIDIA Quadro K4000' (P:0 D:1)
[2017.02.28-12.25.14:606][  0]LogWindows:    2. 'NVIDIA Quadro K4000' (P:0 D:0)
[2017.02.28-12.25.14:606][  0]LogWindows:    3. 'NVIDIA Quadro K4000' (P:0 D:0)
[2017.02.28-12.25.14:606][  0]LogWindows: DebugString: FoundDriverCount:4 
[2017.02.28-12.25.14:606][  0]LogD3D11RHI:     Adapter Name: NVIDIA Quadro K4000
[2017.02.28-12.25.14:606][  0]LogD3D11RHI:   Driver Version: 353.62 (internal:10.18.13.5362, unified:353.62)
[2017.02.28-12.25.14:606][  0]LogD3D11RHI:      Driver Date: 7-22-2015
[2017.02.28-12.25.14:606][  0]LogRHI: Texture pool is 1361 MB (70% of 1945 MB)
[2017.02.28-12.25.14:624][  0]LogD3D11RHI: Async texture creation enabled
[2017.02.28-12.25.14:643][  0]LogD3D11RHI: GPU Timing Frequency: 1000.000000 (Debug: 2 2)
[2017.02.28-12.25.14:643][  0]LogShaderCompilers: Guid format shader working directory is -9 characters bigger than the processId version (../../../../../../Users/Q5069793/Desktop/Journeyman-Team-9/Intermediate/Shaders/WorkingDirectory/1900/).
[2017.02.28-12.25.14:643][  0]LogShaderCompilers: Cleaned the shader compiler working directory 'C:/Users/Q5069793/AppData/Local/Temp/UnrealShaderWorkingDir/DBDFCC934274B7563CDBDD94B030235C/'.
[2017.02.28-12.25.14:643][  0]LogShaderCompilers:Display: Using Local Shader Compiler.
[2017.02.28-12.25.16:768][  0]LogTemp:Display: Loaded TP AllDesktopTargetPlatform
[2017.02.28-12.25.16:779][  0]LogTemp:Display: Loaded TP WindowsClientTargetPlatform
[2017.02.28-12.25.16:790][  0]LogTemp:Display: Loaded TP WindowsNoEditorTargetPlatform
[2017.02.28-12.25.16:801][  0]LogTemp:Display: Loaded TP WindowsServerTargetPlatform
[2017.02.28-12.25.16:812][  0]LogTemp:Display: Loaded TP WindowsTargetPlatform
[2017.02.28-12.25.16:825][  0]LogTemp:Display: Loaded TP AndroidTargetPlatform
[2017.02.28-12.25.16:835][  0]LogTemp:Display: Loaded TP Android_ASTCTargetPlatform
[2017.02.28-12.25.16:847][  0]LogTemp:Display: Loaded TP Android_ATCTargetPlatform
[2017.02.28-12.25.16:857][  0]LogTemp:Display: Loaded TP Android_DXTTargetPlatform
[2017.02.28-12.25.16:866][  0]LogTemp:Display: Loaded TP Android_ETC1TargetPlatform
[2017.02.28-12.25.16:875][  0]LogTemp:Display: Loaded TP Android_ETC2TargetPlatform
[2017.02.28-12.25.16:894][  0]LogTemp:Display: Loaded TP Android_MultiTargetPlatform
[2017.02.28-12.25.16:894][  0]LogTemp:Display: Loaded TP Android_PVRTCTargetPlatform
[2017.02.28-12.25.16:896][  0]LogTemp:Display: Loaded TP HTML5TargetPlatform
[2017.02.28-12.25.16:925][  0]LogTemp:Display: Loaded TP IOSTargetPlatform
[2017.02.28-12.25.16:934][  0]LogTemp:Display: Loaded TP TVOSTargetPlatform
[2017.02.28-12.25.16:944][  0]LogTemp:Display: Loaded TP LinuxNoEditorTargetPlatform
[2017.02.28-12.25.16:954][  0]LogTemp:Display: Loaded TP LinuxServerTargetPlatform
[2017.02.28-12.25.16:967][  0]LogTemp:Display: Loaded TP LinuxTargetPlatform
[2017.02.28-12.25.16:968][  0]LogTargetPlatformManager:Display: Building Assets For Windows
[2017.02.28-12.25.17:110][  0]LogDerivedDataCache:Display: Max Cache Size: 512 MB
[2017.02.28-12.25.17:519][  0]LogDerivedDataCache: Loaded boot cache 0.41s 48MB C:/Users/Q5069793/AppData/Local/UnrealEngine/4.12/DerivedDataCache/Boot.ddc.
[2017.02.28-12.25.17:519][  0]LogDerivedDataCache:Display: Loaded Boot cache: C:/Users/Q5069793/AppData/Local/UnrealEngine/4.12/DerivedDataCache/Boot.ddc
[2017.02.28-12.25.17:519][  0]LogDerivedDataCache: FDerivedDataBackendGraph:  Pak pak cache file ../../../../../../Users/Q5069793/Desktop/Journeyman-Team-9/DerivedDataCache/DDC.ddp not found, will not use a pak cache.
[2017.02.28-12.25.17:519][  0]LogDerivedDataCache: Unable to find inner node Pak for hierarchical cache Hierarchy.
[2017.02.28-12.25.17:519][  0]LogDerivedDataCache: FDerivedDataBackendGraph:  CompressedPak pak cache file ../../../../../../Users/Q5069793/Desktop/Journeyman-Team-9/DerivedDataCache/Compressed.ddp not found, will not use a pak cache.
[2017.02.28-12.25.17:519][  0]LogDerivedDataCache: Unable to find inner node CompressedPak for hierarchical cache Hierarchy.
[2017.02.28-12.25.17:547][  0]LogDerivedDataCache:Display: Pak cache opened for reading ../../../Engine/DerivedDataCache/Compressed.ddp.
[2017.02.28-12.25.17:560][  0]LogDerivedDataCache: Using Local data cache path C:/Users/Q5069793/AppData/Local/UnrealEngine/Common/DerivedDataCache: Writable
[2017.02.28-12.25.18:123][  0]LogInit: Selected Device Profile: [Windows]
[2017.02.28-12.25.18:128][  0]LogContentStreaming: Texture pool size is 0.00 MB
[2017.02.28-12.25.18:588][  0]LogMeshUtilities: No automatic mesh reduction module available
[2017.02.28-12.25.18:588][  0]LogMeshUtilities: No automatic mesh merging module available
[2017.02.28-12.25.18:588][  0]LogMeshUtilities: No distributed automatic mesh merging module available
[2017.02.28-12.25.19:349][  0]LogAssetRegistry: FAssetRegistry took 0.0248 seconds to start up
[2017.02.28-12.25.19:396][  0]LogPackageLocalizationCache: Processed 4 localized package path(s) for 2 prioritized culture(s) in 0.040417 seconds
[2017.02.28-12.25.19:401][  0]LogUObjectArray: 28739 objects as part of root set at end of initial load.
[2017.02.28-12.25.19:401][  0]LogUObjectAllocator: 5855632 out of 0 bytes used by permanent object pool.
[2017.02.28-12.25.19:401][  0]LogUObjectArray: CloseDisregardForGC: 0/0 objects in disregard for GC pool
[2017.02.28-12.25.19:411][  0]LogInit: WinSock: version 1.1 (2.2), MaxSocks=32767, MaxUdp=65467
[2017.02.28-12.25.20:014][  0]LogSlate: SlateFontCache - WITH_FREETYPE: 1, WITH_HARFBUZZ: 1
[2017.02.28-12.25.20:014][  0]LogSlate: SlateFontCache - WITH_FREETYPE: 1, WITH_HARFBUZZ: 1
[2017.02.28-12.25.23:136][  0]LogSubstanceCoreModule: Substance CPU Engine Loaded, Max Texture Size 2048
[2017.02.28-12.25.23:154][  0]LogUdpMessaging: Initializing bridge on interface 0.0.0.0:0 to multicast group 230.0.0.1:6666.
[2017.02.28-12.25.23:651][  0]SourceControl: Info Source control is disabled
[2017.02.28-12.25.23:667][  0]SourceControl: Info Source control is disabled
[2017.02.28-12.25.23:684][  0]SourceControl: Info Source control is disabled
[2017.02.28-12.25.23:697][  0]SourceControl: Info Source control is disabled
[2017.02.28-12.25.23:851][  0]LogTexture:Display: Building textures: planckian_locus_mireds (BGRA8)
[2017.02.28-12.25.24:165][  0]LogEngine: Initializing Engine...
[2017.02.28-12.25.24:195][  0]LogHMD: SteamVR failed to initialize.  Err: 110
[2017.02.28-12.25.24:196][  0]LogHMD: SteamVR failed to initialize.  Err: 110
[2017.02.28-12.25.24:514][  0]LogAIModule: Creating AISystem for world NewWorld
[2017.02.28-12.25.24:540][  0]LogInit: XAudio2 using 'Speakers (Realtek High Definition Audio)' : 2 channels at 48 kHz using 32 bits per sample (channel mask 0x3)
[2017.02.28-12.25.24:596][  0]LogInit: FAudioDevice initialized.
[2017.02.28-12.25.24:620][  0]LogDerivedDataCache: Saved boot cache 0.02s 48MB C:/Users/Q5069793/AppData/Local/UnrealEngine/4.12/DerivedDataCache/Boot.ddc.
[2017.02.28-12.25.24:628][  0]LogInit: Texture streaming: Enabled
[2017.02.28-12.25.24:670][  0]LogWindowsTextInputMethodSystem:Display: IME system now deactivated.
[2017.02.28-12.25.24:670][  0]LogWindowsTextInputMethodSystem:Display: IME system now deactivated.
[2017.02.28-12.25.24:813][  0]LogInit: Transaction tracking system initialized
[2017.02.28-12.25.24:889][  0]BlueprintLog: New page: Editor Load
[2017.02.28-12.25.25:115][  0]LocalizationService: Info Localization service is disabled
[2017.02.28-12.25.25:271][  0]LogConsoleResponse:Display: 
[2017.02.28-12.25.25:755][  0]LogCook:Display: Max memory allowance for cook 8192mb
[2017.02.28-12.25.25:755][  0]LogCook:Display: Mobile HDR setting 1
[2017.02.28-12.25.26:014][  0]LogFileCache: Scanning file cache for directory 'C:/Users/Q5069793/Desktop/Journeyman-Team-9/Content/' took 0.03s
[2017.02.28-12.25.26:014][  0]SourceControl: Info Source control is disabled
[2017.02.28-12.25.31:523][  0]LogWindowsTextInputMethodSystem:Display: IME system now deactivated.
[2017.02.28-12.25.31:523][  0]LogWindowsTextInputMethodSystem:Display: IME system now deactivated.
[2017.02.28-12.25.31:534][  0]LogWindowsTextInputMethodSystem:Display: IME system now deactivated.
[2017.02.28-12.25.31:534][  0]LogWindowsTextInputMethodSystem:Display: IME system now deactivated.
[2017.02.28-12.25.31:537][  0]Cmd: MAP LOAD FILE="../../../../../../Users/Q5069793/Desktop/Journeyman-Team-9/Content/StarterContent/Maps/Menu.umap" TEMPLATE=0 SHOWPROGRESS=1 FEATURELEVEL=3
[2017.02.28-12.25.31:539][  0]LightingResults: New page: Lighting Build
[2017.02.28-12.25.31:552][  0]MapCheck: New page: Map Check
[2017.02.28-12.25.31:552][  0]LightingResults: New page: Lighting Build
[2017.02.28-12.25.32:666][  0]LogBlueprint:Warning: Compiler Warning Input Axis Event references unknown Axis 'Look_Left/Right' for  InputAxis Look_Left/Right 
[2017.02.28-12.25.32:666][  0]LogBlueprint:Warning: Compiler Warning Input Axis Event references unknown Axis 'Look_Up/Down' for  InputAxis Look_Up/Down 
[2017.02.28-12.25.32:670][  0]LogBlueprint:Warning: Compiler Warning [0020.80] Compile of PlayerCharacter successful, but with 2 Warning(s) [in 17 ms] (/Game/UI_Menu/PlayerCharacter.PlayerCharacter)
[2017.02.28-12.25.32:671][  0]LogBlueprint:Warning: Compiler Warning [0020.80] Compile of PlayerCharacter successful, but with 3 Warning(s) [in 0 ms] (/Game/UI_Menu/PlayerCharacter.PlayerCharacter)
[2017.02.28-12.25.32:671][  0]LogBlueprint:Warning: Compiler Warning [0020.80] Compile of PlayerCharacter successful, but with 4 Warning(s) [in 0 ms] (/Game/UI_Menu/PlayerCharacter.PlayerCharacter)
[2017.02.28-12.25.32:687][  0]LogBlueprint:Warning: Compiler Warning Input Axis Event references unknown Axis 'Look_Left/Right' for  InputAxis Look_Left/Right 
[2017.02.28-12.25.32:688][  0]LogBlueprint:Warning: Compiler Warning Input Axis Event references unknown Axis 'Look_Up/Down' for  InputAxis Look_Up/Down 
[2017.02.28-12.25.32:692][  0]LogBlueprint:Warning: Compiler Warning [0020.82] Compile of PlayerCharacter successful, but with 2 Warning(s) [in 16 ms] (/Game/UI_Menu/PlayerCharacter.PlayerCharacter)
[2017.02.28-12.25.32:692][  0]LogBlueprint:Warning: Compiler Warning [0020.82] Compile of PlayerCharacter successful, but with 3 Warning(s) [in 0 ms] (/Game/UI_Menu/PlayerCharacter.PlayerCharacter)
[2017.02.28-12.25.32:692][  0]LogBlueprint:Warning: Compiler Warning [0020.82] Compile of PlayerCharacter successful, but with 4 Warning(s) [in 0 ms] (/Game/UI_Menu/PlayerCharacter.PlayerCharacter)
[2017.02.28-12.25.33:399][  0]LogStaticMesh: Building static mesh Leaf...
[2017.02.28-12.25.33:406][  0]LogStaticMesh: Built static mesh [0.01s] /Game/Art/Foliage/Leaf/Leaf.Leaf
[2017.02.28-12.25.33:548][  0]LogMaterial: Missing cached shader map for material M_UE4Man_Body, compiling. 
[2017.02.28-12.25.33:708][  0]LogAIModule: Creating AISystem for world Menu
[2017.02.28-12.25.33:947][  0]LogEditorServer: Finished looking for orphan Actors (0.000 secs)
[2017.02.28-12.25.33:948][  0]Cmd: MAP CHECKDEP NOCLEARLOG
[2017.02.28-12.25.34:052][  0]MapCheck: Info Map check complete: 0 Error(s), 0 Warning(s), took 103.491ms to complete.
[2017.02.28-12.25.34:053][  0]LogFileHelpers: Loading map 'Menu' took 2.516
[2017.02.28-12.25.34:265][  0]LogStats:Warning: MetaData mismatch. Did you assign a stat to two groups? New //STATGROUP_Threads//SplashScreenThread///Thread_2888_0///####STATCAT_Advanced#### old //STATGROUP_Threads//SplashScreenThread///Thread_444_0///####STATCAT_Advanced####
[2017.02.28-12.25.34:265][  0]LogCollectionManager: Loaded 0 collections in 0.003173 seconds
[2017.02.28-12.25.34:331][  0]LogFileCache: Scanning file cache for directory 'C:/Users/Q5069793/Desktop/Journeyman-Team-9/Saved/Collections/' took 0.01s
[2017.02.28-12.25.34:331][  0]LogFileCache: Scanning file cache for directory 'C:/Users/Q5069793/Desktop/Journeyman-Team-9/Content/Developers/Q5069793/Collections/' took 0.01s
[2017.02.28-12.25.34:331][  0]LogFileCache: Scanning file cache for directory 'C:/Users/Q5069793/Desktop/Journeyman-Team-9/Content/Collections/' took 0.01s
[2017.02.28-12.25.34:331][  0]LogCollectionManager: Rebuilt the GUID cache for 0 collections in 0.000004 seconds
[2017.02.28-12.25.34:348][  0]LogContentBrowser: Native class hierarchy populated in 0.0147 seconds. Added 2087 classes and 380 folders.
[2017.02.28-12.25.34:359][  0]LogStats: UGameplayTagsManager::ConstructGameplayTagTree: Construct from data asset -  0.000 s
[2017.02.28-12.25.34:360][  0]LogStats: UGameplayTagsManager::ConstructGameplayTagTree: GameplayTagTreeChangedEvent.Broadcast -  0.000 s
[2017.02.28-12.25.34:361][  0]LogContentBrowser: Native class hierarchy updated for 'GameplayTags' in 0.0008 seconds. Added 12 classes and 0 folders.
[2017.02.28-12.25.34:375][  0]LogContentBrowser: Native class hierarchy updated for 'WidgetCarousel' in 0.0010 seconds. Added 0 classes and 0 folders.
[2017.02.28-12.25.34:794][  0]LogContentBrowser: Native class hierarchy updated for 'AddContentDialog' in 0.0010 seconds. Added 0 classes and 0 folders.
[2017.02.28-12.25.34:808][  0]LogContentBrowser: Native class hierarchy updated for 'SceneOutliner' in 0.0007 seconds. Added 1 classes and 2 folders.
[2017.02.28-12.25.34:882][  0]LogCrashTracker: Crashtracker disabled due to settings.
[2017.02.28-12.25.35:306][  0]LogContentBrowser: Native class hierarchy updated for 'HierarchicalLODOutliner' in 0.0011 seconds. Added 1 classes and 2 folders.
[2017.02.28-12.25.35:306][  0]LogLoad: Full Startup: 23.43 seconds (BP compile: 0.66 seconds)
[2017.02.28-12.25.35:306][  0]LogExternalProfiler: Found external profiler: VSPerf
[2017.02.28-12.25.35:307][  0]LogExternalProfiler: Using external profiler: VSPerf
[2017.02.28-12.25.35:316][  0]LogOcInput: OculusInput pre-init called
[2017.02.28-12.25.35:365][  0]LogContentStreaming: Texture pool size now 1000 MB
[2017.02.28-12.25.35:689][  0]LogRenderer: Reallocating scene render targets to support 1208x576 (Frame:2).
[2017.02.28-12.25.35:794][  1]LogFileCache: Retrieving MD5 hashes for directory 'C:/Users/Q5069793/Desktop/Journeyman-Team-9/Content/' took 0.46s
[2017.02.28-12.25.35:912][  3]LogAssetRegistry: Asset discovery search completed in 16.5861 seconds
[2017.02.28-12.25.35:913][  3]LogCollectionManager: Rebuilt the object cache for 0 collections in 0.000001 seconds (found 0 objects)
[2017.02.28-12.25.35:913][  3]LogCollectionManager: Fixed up redirectors for 0 collections in 0.000270 seconds (updated 0 objects)
[2017.02.28-12.25.55:170][947]SourceControl: Info On branch Picture-Puzzle
[2017.02.28-12.25.55:170][947]SourceControl: Info Changes not staged for commit:
[2017.02.28-12.25.55:170][947]SourceControl: Info   (use "git add <file>..." to update what will be committed)
[2017.02.28-12.25.55:170][947]SourceControl: Info   (use "git checkout -- <file>..." to discard changes in working directory)
[2017.02.28-12.25.55:170][947]SourceControl: Info 	modified:   Intermediate/CachedAssetRegistry.bin
[2017.02.28-12.25.55:170][947]SourceControl: Info 	modified:   MyProject.uproject
[2017.02.28-12.25.55:170][947]SourceControl: Info 	modified:   Saved/Autosaves/PackageRestoreData.json
[2017.02.28-12.25.55:170][947]SourceControl: Info 	modified:   Saved/Config/Windows/EditorPerProjectUserSettings.ini
[2017.02.28-12.25.55:170][947]SourceControl: Info 	modified:   Saved/Logs/MyProject.log
[2017.02.28-12.25.55:170][947]SourceControl: Info Untracked files:
[2017.02.28-12.25.55:170][947]SourceControl: Info   (use "git add <file>..." to include in what will be committed)
[2017.02.28-12.25.55:171][947]SourceControl: Info 	Intermediate/AssetRegistryCache/30cceb06.bin
[2017.02.28-12.25.55:171][947]SourceControl: Info 	Intermediate/AssetRegistryCache/4c0a0e04.bin
[2017.02.28-12.25.55:171][947]SourceControl: Info 	Saved/Config/Windows/EditorUserSettings.ini.bak
[2017.02.28-12.25.55:171][947]SourceControl: Info 	Saved/Logs/MyProject-backup-2017.02.28-12.25.13.log
[2017.02.28-12.25.55:171][947]SourceControl: Info no changes added to commit (use "git add" and/or "git commit -a")
[2017.02.28-12.32.54:321][215]LogWindowsTextInputMethodSystem:Display: IME system now deactivated.
[2017.02.28-12.32.54:322][215]LogWindowsTextInputMethodSystem:Display: IME system now deactivated.
[2017.02.28-12.32.54:509][216]Cmd: QUIT_EDITOR
[2017.02.28-12.32.54:590][216]LogExit: Preparing to exit.
[2017.02.28-12.32.55:436][216]LogExit: Editor shut down
[2017.02.28-12.32.55:436][216]LogExit: Transaction tracking system shut down
[2017.02.28-12.32.55:570][216]LogObj: Freed 0b from 0 cluster array pools.
[2017.02.28-12.32.55:570][216]LogExit: Object subsystem successfully closed.
[2017.02.28-12.32.55:599][216]LogD3D11RHI: Shutdown
[2017.02.28-12.32.55:599][216]LogD3D11RHI: CleanupD3DDevice
[2017.02.28-12.32.55:648][216]LogD3D11RHI: ~FD3D11DynamicRHI
[2017.02.28-12.32.55:679][216]LogModuleManager: Shutting down and abandoning module HierarchicalLODOutliner (216)
[2017.02.28-12.32.55:680][216]LogModuleManager: Shutting down and abandoning module CrashTracker (215)
[2017.02.28-12.32.55:680][216]LogModuleManager: Shutting down and abandoning module SceneOutliner (214)
[2017.02.28-12.32.55:680][216]LogModuleManager: Shutting down and abandoning module WidgetCarousel (213)
[2017.02.28-12.32.55:680][216]LogModuleManager: Shutting down and abandoning module AddContentDialog (212)
[2017.02.28-12.32.55:681][216]LogModuleManager: Shutting down and abandoning module GameplayTags (211)
[2017.02.28-12.32.55:681][216]LogModuleManager: Shutting down and abandoning module EditorWidgets (210)
[2017.02.28-12.32.55:681][216]LogModuleManager: Shutting down and abandoning module CollectionManager (209)
[2017.02.28-12.32.55:681][216]LogModuleManager: Shutting down and abandoning module StatsViewer (208)
[2017.02.28-12.32.55:682][216]LogModuleManager: Shutting down and abandoning module FoliageEdit (207)
[2017.02.28-12.32.55:682][216]LogModuleManager: Shutting down and abandoning module LandscapeEditor (206)
[2017.02.28-12.32.55:682][216]LogModuleManager: Shutting down and abandoning module SceneDepthPickerMode (205)
[2017.02.28-12.32.55:682][216]LogModuleManager: Shutting down and abandoning module ActorPickerMode (204)
[2017.02.28-12.32.55:682][216]LogModuleManager: Shutting down and abandoning module GeometryMode (203)
[2017.02.28-12.32.55:682][216]LogModuleManager: Shutting down and abandoning module TextureAlignMode (202)
[2017.02.28-12.32.55:682][216]LogModuleManager: Shutting down and abandoning module BspMode (201)
[2017.02.28-12.32.55:682][216]LogModuleManager: Shutting down and abandoning module HardwareSurvey (200)
[2017.02.28-12.32.55:682][216]LogModuleManager: Shutting down and abandoning module SequenceRecorderSections (199)
[2017.02.28-12.32.55:682][216]LogModuleManager: Shutting down and abandoning module SequenceRecorder (198)
[2017.02.28-12.32.55:682][216]LogModuleManager: Shutting down and abandoning module AutomationWorker (197)
[2017.02.28-12.32.55:682][216]LogModuleManager: Shutting down and abandoning module MatineeToLevelSequence (196)
[2017.02.28-12.32.55:682][216]LogModuleManager: Shutting down and abandoning module PlacementMode (195)
[2017.02.28-12.32.55:683][216]LogModuleManager: Shutting down and abandoning module LevelSequenceEditor (194)
[2017.02.28-12.32.55:683][216]LogModuleManager: Shutting down and abandoning module CharacterAI (193)
[2017.02.28-12.32.55:683][216]LogModuleManager: Shutting down and abandoning module SmartSnapping (192)
[2017.02.28-12.32.55:683][216]LogModuleManager: Shutting down and abandoning module SessionServices (191)
[2017.02.28-12.32.55:683][216]LogModuleManager: Shutting down and abandoning module ViewportSnapping (190)
[2017.02.28-12.32.55:683][216]LogModuleManager: Shutting down and abandoning module LogVisualizer (189)
[2017.02.28-12.32.55:684][216]LogModuleManager: Shutting down and abandoning module GameProjectGeneration (188)
[2017.02.28-12.32.55:684][216]LogModuleManager: Shutting down and abandoning module IntroTutorials (187)
[2017.02.28-12.32.55:684][216]LogModuleManager: Shutting down and abandoning module EditorLiveStreaming (186)
[2017.02.28-12.32.55:684][216]LogModuleManager: Shutting down and abandoning module IOSPlatformEditor (185)
[2017.02.28-12.32.55:684][216]LogModuleManager: Shutting down and abandoning module HTML5PlatformEditor (184)
[2017.02.28-12.32.55:684][216]LogModuleManager: Shutting down and abandoning module AndroidDeviceDetection (183)
[2017.02.28-12.32.56:345][216]LogModuleManager: Shutting down and abandoning module AndroidPlatformEditor (182)
[2017.02.28-12.32.56:345][216]LogModuleManager: Shutting down and abandoning module IOSRuntimeSettings (181)
[2017.02.28-12.32.56:345][216]LogModuleManager: Shutting down and abandoning module AndroidRuntimeSettings (180)
[2017.02.28-12.32.56:345][216]LogModuleManager: Shutting down and abandoning module MergeActors (179)
[2017.02.28-12.32.56:346][216]LogModuleManager: Shutting down and abandoning module SizeMap (178)
[2017.02.28-12.32.56:346][216]LogModuleManager: Shutting down and abandoning module TreeMap (177)
[2017.02.28-12.32.56:346][216]LogModuleManager: Shutting down and abandoning module ReferenceViewer (176)
[2017.02.28-12.32.56:346][216]LogModuleManager: Shutting down and abandoning module LocalizationService (175)
[2017.02.28-12.32.56:346][216]LogModuleManager: Shutting down and abandoning module LocalizationDashboard (174)
[2017.02.28-12.32.56:347][216]LogModuleManager: Shutting down and abandoning module HardwareTargeting (173)
[2017.02.28-12.32.56:347][216]LogModuleManager: Shutting down and abandoning module DeviceProfileEditor (172)
[2017.02.28-12.32.56:347][216]LogModuleManager: Shutting down and abandoning module UndoHistory (171)
[2017.02.28-12.32.56:347][216]LogModuleManager: Shutting down and abandoning module UserFeedback (170)
[2017.02.28-12.32.56:347][216]LogModuleManager: Shutting down and abandoning module XmlParser (169)
[2017.02.28-12.32.56:347][216]LogModuleManager: Shutting down and abandoning module Blutility (168)
[2017.02.28-12.32.56:347][216]LogModuleManager: Shutting down and abandoning module ProjectTargetPlatformEditor (167)
[2017.02.28-12.32.56:348][216]LogModuleManager: Shutting down and abandoning module ProjectSettingsViewer (166)
[2017.02.28-12.32.56:348][216]LogModuleManager: Shutting down and abandoning module InputBindingEditor (165)
[2017.02.28-12.32.56:348][216]LogModuleManager: Shutting down and abandoning module EditorSettingsViewer (164)
[2017.02.28-12.32.56:348][216]LogModuleManager: Shutting down and abandoning module SettingsEditor (163)
[2017.02.28-12.32.56:348][216]LogModuleManager: Shutting down and abandoning module ProjectLauncher (162)
[2017.02.28-12.32.56:349][216]LogModuleManager: Shutting down and abandoning module SessionFrontend (161)
[2017.02.28-12.32.56:349][216]LogModuleManager: Shutting down and abandoning module ProfilerClient (160)
[2017.02.28-12.32.56:350][216]LogModuleManager: Shutting down and abandoning module TargetDeviceServices (159)
[2017.02.28-12.32.56:350][216]LogModuleManager: Shutting down and abandoning module DeviceManager (158)
[2017.02.28-12.32.56:404][216]LogModuleManager: Shutting down and abandoning module AutomationController (157)
[2017.02.28-12.32.56:404][216]LogModuleManager: Shutting down and abandoning module AutomationWindow (156)
[2017.02.28-12.32.56:405][216]LogModuleManager: Shutting down and abandoning module Layers (155)
[2017.02.28-12.32.56:407][216]LogModuleManager: Shutting down and abandoning module ComponentVisualizers (154)
[2017.02.28-12.32.56:407][216]LogModuleManager: Shutting down and abandoning module DetailCustomizations (153)
[2017.02.28-12.32.56:407][216]LogModuleManager: Shutting down and abandoning module PackagesDialog (152)
[2017.02.28-12.32.56:408][216]LogModuleManager: Shutting down and abandoning module Persona (151)
[2017.02.28-12.32.56:409][216]LogModuleManager: Shutting down and abandoning module Kismet (150)
[2017.02.28-12.32.56:409][216]LogModuleManager: Shutting down and abandoning module GraphEditor (149)
[2017.02.28-12.32.56:411][216]LogModuleManager: Shutting down and abandoning module ClassViewer (148)
[2017.02.28-12.32.56:411][216]LogModuleManager: Shutting down and abandoning module Toolbox (147)
[2017.02.28-12.32.56:411][216]LogModuleManager: Shutting down and abandoning module ModuleUI (146)
[2017.02.28-12.32.56:412][216]LogModuleManager: Shutting down and abandoning module MovieSceneTools (145)
[2017.02.28-12.32.56:413][216]LogModuleManager: Shutting down and abandoning module OutputLog (144)
[2017.02.28-12.32.56:413][216]LogModuleManager: Shutting down and abandoning module GammaUI (143)
[2017.02.28-12.32.56:413][216]LogModuleManager: Shutting down and abandoning module Documentation (142)
[2017.02.28-12.32.56:413][216]LogModuleManager: Shutting down and abandoning module StreamingPauseRendering (141)
[2017.02.28-12.32.56:413][216]LogModuleManager: Shutting down and abandoning module AnalyticsET (140)
[2017.02.28-12.32.56:413][216]LogModuleManager: Shutting down and abandoning module Analytics (139)
[2017.02.28-12.32.56:413][216]LogModuleManager: Shutting down and abandoning module PortalServices (138)
[2017.02.28-12.32.56:413][216]LogModuleManager: Shutting down and abandoning module PortalRpc (137)
[2017.02.28-12.32.56:413][216]LogModuleManager: Shutting down and abandoning module MessagingRpc (136)
[2017.02.28-12.32.56:413][216]LogModuleManager: Shutting down and abandoning module GameplayDebugger (135)
[2017.02.28-12.32.56:413][216]LogModuleManager: Shutting down and abandoning module AITestSuite (134)
[2017.02.28-12.32.56:413][216]LogModuleManager: Shutting down and abandoning module AIModule (133)
[2017.02.28-12.32.56:413][216]LogModuleManager: Shutting down and abandoning module ProfilerService (132)
[2017.02.28-12.32.56:549][216]LogModuleManager: Shutting down and abandoning module TaskGraph (131)
[2017.02.28-12.32.56:550][216]LogModuleManager: Shutting down and abandoning module SubstanceEditor (130)
[2017.02.28-12.32.56:550][216]LogModuleManager: Shutting down and abandoning module SlateRemote (129)
[2017.02.28-12.32.56:550][216]LogModuleManager: Shutting down and abandoning module SteamVRController (128)
[2017.02.28-12.32.56:550][216]LogModuleManager: Shutting down and abandoning module SteamVR (127)
[2017.02.28-12.32.56:550][216]LogModuleManager: Shutting down and abandoning module ProceduralMeshComponent (126)
[2017.02.28-12.32.56:550][216]LogModuleManager: Shutting down and abandoning module OculusLibrary (125)
[2017.02.28-12.32.56:550][216]LogModuleManager: Shutting down and abandoning module OculusInput (124)
[2017.02.28-12.32.56:550][216]LogModuleManager: Shutting down and abandoning module CustomMeshComponent (123)
[2017.02.28-12.32.56:550][216]LogModuleManager: Shutting down and abandoning module CableComponent (122)
[2017.02.28-12.32.56:550][216]LogModuleManager: Shutting down and abandoning module ArchVisCharacter (121)
[2017.02.28-12.32.56:550][216]LogModuleManager: Shutting down and abandoning module MediaPlayerEditor (120)
[2017.02.28-12.32.56:551][216]LogModuleManager: Shutting down and abandoning module ToolbagImporter (119)
[2017.02.28-12.32.56:551][216]LogModuleManager: Shutting down and abandoning module HTML5Networking (118)
[2017.02.28-12.32.56:551][216]LogModuleManager: Shutting down and abandoning module SuperSearch (117)
[2017.02.28-12.32.56:551][216]LogModuleManager: Shutting down and abandoning module SuperSearchEditor (116)
[2017.02.28-12.32.56:551][216]LogModuleManager: Shutting down and abandoning module SpeedTreeImporter (115)
[2017.02.28-12.32.56:551][216]LogModuleManager: Shutting down and abandoning module PluginBrowser (114)
[2017.02.28-12.32.56:551][216]LogModuleManager: Shutting down and abandoning module EpicSurvey (113)
[2017.02.28-12.32.56:551][216]LogModuleManager: Shutting down and abandoning module DesktopPlatform (112)
[2017.02.28-12.32.56:551][216]LogModuleManager: Shutting down and abandoning module VisualStudioSourceCodeAccess (111)
[2017.02.28-12.32.56:551][216]LogModuleManager: Shutting down and abandoning module UObjectPlugin (110)
[2017.02.28-12.32.56:551][216]LogModuleManager: Shutting down and abandoning module SubversionSourceControl (109)
[2017.02.28-12.32.56:551][216]LogModuleManager: Shutting down and abandoning module PerforceSourceControl (108)
[2017.02.28-12.32.56:552][216]LogModuleManager: Shutting down and abandoning module SourceControl (107)
[2017.02.28-12.32.56:552][216]LogModuleManager: Shutting down and abandoning module GitSourceControl (106)
[2017.02.28-12.32.56:552][216]LogModuleManager: Shutting down and abandoning module LightPropagationVolumeEditor (105)
[2017.02.28-12.32.56:552][216]LogModuleManager: Shutting down and abandoning module PaperTiledImporter (104)
[2017.02.28-12.32.56:552][216]LogModuleManager: Shutting down and abandoning module PaperSpriteSheetImporter (103)
[2017.02.28-12.32.56:552][216]LogModuleManager: Shutting down and abandoning module MeshPaint (102)
[2017.02.28-12.32.56:552][216]LogModuleManager: Shutting down and abandoning module PixelInspectorModule (101)
[2017.02.28-12.32.56:552][216]LogModuleManager: Shutting down and abandoning module HotReload (100)
[2017.02.28-12.32.56:552][216]LogModuleManager: Shutting down and abandoning module MainFrame (99)
[2017.02.28-12.32.56:552][216]LogModuleManager: Shutting down and abandoning module LevelEditor (98)
[2017.02.28-12.32.56:553][216]LogModuleManager: Shutting down and abandoning module ContentBrowser (97)
[2017.02.28-12.32.56:554][216]LogModuleManager: Shutting down and abandoning module Paper2DEditor (96)
[2017.02.28-12.32.56:554][216]LogModuleManager: Shutting down and abandoning module UdpMessaging (95)
[2017.02.28-12.32.56:655][216]LogModuleManager: Shutting down and abandoning module SubstanceCore (94)
[2017.02.28-12.32.56:655][216]LogModuleManager: Shutting down and abandoning module LightPropagationVolumeRuntime (93)
[2017.02.28-12.32.56:655][216]LogModuleManager: Shutting down and abandoning module Paper2D (92)
[2017.02.28-12.32.56:656][216]LogModuleManager: Shutting down and abandoning module WindowsMoviePlayer (91)
[2017.02.28-12.32.56:656][216]LogModuleManager: Shutting down and abandoning module Media (90)
[2017.02.28-12.32.56:656][216]LogModuleManager: Shutting down and abandoning module WmfMedia (89)
[2017.02.28-12.32.56:656][216]LogModuleManager: Shutting down and abandoning module MediaAssets (88)
[2017.02.28-12.32.56:656][216]LogModuleManager: Shutting down and abandoning module GameLiveStreaming (87)
[2017.02.28-12.32.56:656][216]LogModuleManager: Shutting down and abandoning module GameplayTagsEditor (86)
[2017.02.28-12.32.56:656][216]LogModuleManager: Shutting down and abandoning module OnlineBlueprintSupport (85)
[2017.02.28-12.32.56:656][216]LogModuleManager: Shutting down and abandoning module VREditor (84)
[2017.02.28-12.32.56:657][216]LogModuleManager: Shutting down and abandoning module GameplayTasksEditor (83)
[2017.02.28-12.32.56:657][216]LogModuleManager: Shutting down and abandoning module PropertyEditor (82)
[2017.02.28-12.32.56:657][216]LogModuleManager: Shutting down and abandoning module BehaviorTreeEditor (81)
[2017.02.28-12.32.56:658][216]LogModuleManager: Shutting down and abandoning module FunctionalTesting (80)
[2017.02.28-12.32.56:658][216]LogModuleManager: Shutting down and abandoning module CollisionAnalyzer (79)
[2017.02.28-12.32.56:659][216]LogModuleManager: Shutting down and abandoning module Sequencer (78)
[2017.02.28-12.32.56:659][216]LogModuleManager: Shutting down and abandoning module WorkspaceMenuStructure (77)
[2017.02.28-12.32.56:659][216]LogModuleManager: Shutting down and abandoning module MessageLog (76)
[2017.02.28-12.32.56:659][216]LogModuleManager: Shutting down and abandoning module AssetTools (75)
[2017.02.28-12.32.56:661][216]LogModuleManager: Shutting down and abandoning module UMGEditor (74)
[2017.02.28-12.32.56:662][216]LogModuleManager: Shutting down and abandoning module UMG (73)
[2017.02.28-12.32.56:662][216]LogModuleManager: Shutting down and abandoning module SlateReflector (72)
[2017.02.28-12.32.56:663][216]LogModuleManager: Shutting down and abandoning module Slate (71)
[2017.02.28-12.32.56:663][216]LogModuleManager: Shutting down and abandoning module EditorStyle (70)
[2017.02.28-12.32.56:666][216]LogModuleManager: Shutting down and abandoning module SourceCodeAccess (69)
[2017.02.28-12.32.56:666][216]LogModuleManager: Shutting down and abandoning module HeadMountedDisplay (68)
[2017.02.28-12.32.56:666][216]LogModuleManager: Shutting down and abandoning module XAudio2 (67)
[2017.02.28-12.32.56:666][216]LogModuleManager: Shutting down and abandoning module Networking (65)
[2017.02.28-12.32.56:666][216]LogModuleManager: Shutting down and abandoning module Core (64)
[2017.02.28-12.32.56:666][216]LogModuleManager: Shutting down and abandoning module DirectoryWatcher (63)
[2017.02.28-12.32.56:667][216]LogModuleManager: Shutting down and abandoning module AssetRegistry (62)
[2017.02.28-12.32.56:790][216]LogModuleManager: Shutting down and abandoning module KismetCompiler (61)
[2017.02.28-12.32.56:790][216]LogModuleManager: Shutting down and abandoning module PhysXFormats (60)
[2017.02.28-12.32.56:790][216]LogModuleManager: Shutting down and abandoning module MeshUtilities (59)
[2017.02.28-12.32.56:791][216]LogModuleManager: Shutting down and abandoning module DerivedDataCache (58)
[2017.02.28-12.32.56:833][216]LogDerivedDataCache: Shutdown
[2017.02.28-12.32.56:833][216]LogModuleManager: Shutting down and abandoning module VulkanShaderFormat (57)
[2017.02.28-12.32.56:833][216]LogModuleManager: Shutting down and abandoning module ShaderFormatOpenGL (56)
[2017.02.28-12.32.56:834][216]LogModuleManager: Shutting down and abandoning module ShaderFormatD3D (55)
[2017.02.28-12.32.56:834][216]LogModuleManager: Shutting down and abandoning module MetalShaderFormat (54)
[2017.02.28-12.32.56:834][216]LogModuleManager: Shutting down and abandoning module TextureFormatUncompressed (53)
[2017.02.28-12.32.56:834][216]LogModuleManager: Shutting down and abandoning module TextureFormatPVR (52)
[2017.02.28-12.32.56:834][216]LogModuleManager: Shutting down and abandoning module TextureFormatIntelISPCTexComp (51)
[2017.02.28-12.32.56:835][216]LogModuleManager: Shutting down and abandoning module TextureFormatDXT (50)
[2017.02.28-12.32.56:835][216]LogModuleManager: Shutting down and abandoning module ImageWrapper (49)
[2017.02.28-12.32.56:835][216]LogModuleManager: Shutting down and abandoning module TextureFormatASTC (48)
[2017.02.28-12.32.56:835][216]LogModuleManager: Shutting down and abandoning module TextureFormatAndroid (47)
[2017.02.28-12.32.56:835][216]LogModuleManager: Shutting down and abandoning module AudioFormatOpus (46)
[2017.02.28-12.32.56:835][216]LogModuleManager: Shutting down and abandoning module AudioFormatOgg (45)
[2017.02.28-12.32.56:835][216]LogModuleManager: Shutting down and abandoning module AudioFormatADPCM (44)
[2017.02.28-12.32.56:835][216]LogModuleManager: Shutting down and abandoning module LinuxTargetPlatform (43)
[2017.02.28-12.32.56:835][216]LogModuleManager: Shutting down and abandoning module LinuxServerTargetPlatform (42)
[2017.02.28-12.32.56:835][216]LogModuleManager: Shutting down and abandoning module LinuxNoEditorTargetPlatform (41)
[2017.02.28-12.32.56:835][216]LogModuleManager: Shutting down and abandoning module TVOSTargetPlatform (40)
[2017.02.28-12.32.56:835][216]LogModuleManager: Shutting down and abandoning module Messaging (39)
[2017.02.28-12.32.56:835][216]LogModuleManager: Shutting down and abandoning module IOSTargetPlatform (38)
[2017.02.28-12.32.56:835][216]LogModuleManager: Shutting down and abandoning module HTML5TargetPlatform (37)
[2017.02.28-12.32.56:835][216]LogModuleManager: Shutting down and abandoning module Android_PVRTCTargetPlatform (36)
[2017.02.28-12.32.56:835][216]LogModuleManager: Shutting down and abandoning module Android_MultiTargetPlatform (35)
[2017.02.28-12.32.56:835][216]LogModuleManager: Shutting down and abandoning module Android_ETC2TargetPlatform (34)
[2017.02.28-12.32.56:835][216]LogModuleManager: Shutting down and abandoning module Android_ETC1TargetPlatform (33)
[2017.02.28-12.32.56:835][216]LogModuleManager: Shutting down and abandoning module Android_DXTTargetPlatform (32)
[2017.02.28-12.32.56:835][216]LogModuleManager: Shutting down and abandoning module Android_ATCTargetPlatform (31)
[2017.02.28-12.32.56:835][216]LogModuleManager: Shutting down and abandoning module Android_ASTCTargetPlatform (30)
[2017.02.28-12.32.56:835][216]LogModuleManager: Shutting down and abandoning module AndroidTargetPlatform (29)
[2017.02.28-12.32.56:835][216]LogModuleManager: Shutting down and abandoning module WindowsTargetPlatform (28)
[2017.02.28-12.32.56:835][216]LogModuleManager: Shutting down and abandoning module WindowsServerTargetPlatform (27)
[2017.02.28-12.32.56:835][216]LogModuleManager: Shutting down and abandoning module WindowsNoEditorTargetPlatform (26)
[2017.02.28-12.32.56:835][216]LogModuleManager: Shutting down and abandoning module WindowsClientTargetPlatform (25)
[2017.02.28-12.32.56:835][216]LogModuleManager: Shutting down and abandoning module AllDesktopTargetPlatform (24)
[2017.02.28-12.32.56:835][216]LogModuleManager: Shutting down and abandoning module TargetPlatform (23)
[2017.02.28-12.32.56:835][216]LogModuleManager: Shutting down and abandoning module InputCore (22)
[2017.02.28-12.32.56:835][216]LogModuleManager: Shutting down and abandoning module Settings (21)
[2017.02.28-12.32.56:835][216]LogModuleManager: Shutting down and abandoning module OnlineSubsystem (19)
[2017.02.28-12.32.56:835][216]LogModuleManager: Shutting down and abandoning module HTTP (18)
[2017.02.28-12.32.59:841][216]LogModuleManager: Shutting down and abandoning module XMPP (17)
[2017.02.28-12.32.59:843][216]LogModuleManager: Shutting down and abandoning module OculusRift (16)
[2017.02.28-12.32.59:843][216]LogModuleManager: Shutting down and abandoning module ExampleDeviceProfileSelector (15)
[2017.02.28-12.32.59:843][216]LogModuleManager: Shutting down and abandoning module TextureCompressor (14)
[2017.02.28-12.32.59:844][216]LogModuleManager: Shutting down and abandoning module ShaderCore (13)
[2017.02.28-12.32.59:844][216]LogModuleManager: Shutting down and abandoning module Landscape (12)
[2017.02.28-12.32.59:844][216]LogModuleManager: Shutting down and abandoning module SlateRHIRenderer (11)
[2017.02.28-12.32.59:845][216]LogModuleManager: Shutting down and abandoning module OpenGLDrv (10)
[2017.02.28-12.32.59:846][216]LogModuleManager: Shutting down and abandoning module D3D11RHI (9)
[2017.02.28-12.32.59:846][216]LogModuleManager: Shutting down and abandoning module AnimGraphRuntime (8)
[2017.02.28-12.32.59:846][216]LogModuleManager: Shutting down and abandoning module Renderer (7)
[2017.02.28-12.32.59:846][216]LogModuleManager: Shutting down and abandoning module Engine (6)
[2017.02.28-12.32.59:846][216]LogModuleManager: Shutting down and abandoning module CoreUObject (5)
[2017.02.28-12.32.59:846][216]LogModuleManager: Shutting down and abandoning module NetworkFile (4)
[2017.02.28-12.32.59:846][216]LogModuleManager: Shutting down and abandoning module StreamingFile (3)
[2017.02.28-12.32.59:846][216]LogModuleManager: Shutting down and abandoning module SandboxFile (2)
[2017.02.28-12.32.59:846][216]LogModuleManager: Shutting down and abandoning module PakFile (1)
[2017.02.28-12.32.59:849][216]LogExit: Exiting.
[2017.02.28-12.32.59:865][216]Log file closed, 02/28/17 12:32:59
