Log file open, 02/27/17 15:30:21
LogInit:Display: Running engine for game: MyProject
LogPlatformFile: Not using cached read wrapper
LogInit:Display: RandInit(2007764938) SRandInit(2007764939).
LogTaskGraph: Started task graph with 4 named threads and 9 total threads with 1 sets of task threads.
LogStats: Stats thread started at 0.142633
LogInit: Version: 4.12.5-3039270+++UE4+Release-4.12
LogInit: API Version: 2992821
LogInit: Net Version: 3039270
LogDevObjectVersion: Number of dev versions registered: 13
LogDevObjectVersion:   Dev-Blueprints (B0D832E4-1F89-4F0D-ACCF-7EB736FD4AA2): 3
LogDevObjectVersion:   Dev-Build (E1C64328-A22C-4D53-A36C-8E866417BD8C): 0
LogDevObjectVersion:   Dev-Core (375EC13C-06E4-48FB-B500-84F0262A717E): 1
LogDevObjectVersion:   Dev-Editor (E4B068ED-F494-42E9-A231-DA0B2E46BB41): 2
LogDevObjectVersion:   Dev-Framework (CFFC743F-43B0-4480-9391-14DF171D2073): 6
LogDevObjectVersion:   Dev-Mobile (B02B49B5-BB20-44E9-A304-32B752E40360): 0
LogDevObjectVersion:   Dev-Networking (A4E4105C-59A1-49B5-A7C5-40C4547EDFEE): 0
LogDevObjectVersion:   Dev-Online (39C831C9-5AE6-47DC-9A44-9C173E1C8E7C): 0
LogDevObjectVersion:   Dev-Physics (78F01B33-EBEA-4F98-B9B4-84EACCB95AA2): 0
LogDevObjectVersion:   Dev-Platform (6631380F-2D4D-43E0-8009-CF276956A95A): 0
LogDevObjectVersion:   Dev-Rendering (12F88B9F-8875-4AFC-A67C-D90C383ABD29): 2
LogDevObjectVersion:   Dev-Sequencer (7B5AE74C-D270-4C10-A958-57980B212A5A): 0
LogDevObjectVersion:   Dev-VR (D7296918-1DD6-4BDD-9DE2-64A83CC13884): 0
LogInit: Compiled (64-bit): Jul  6 2016 09:09:46
LogInit: Compiled with Visual C++: 19.00.23026.00
LogInit: Build Configuration: Development
LogInit: Branch Name: ++UE4+Release-4.12
LogInit: Command line:  
LogInit: Base directory: C:/Program Files (x86)/Epic Games/4.12/Engine/Binaries/Win64/
LogInit: Installed Engine Build: 1
LogInit: Using libcurl 7.41.0
LogInit:  - built for x86_64-pc-win32
LogInit:  - supports SSL with WinSSL
LogInit:  - other features:
LogInit:      CURL_VERSION_SSL
LogInit:      CURL_VERSION_IPV6
LogInit:      CURL_VERSION_ASYNCHDNS
LogInit:      CURL_VERSION_LARGEFILE
LogInit:      CURL_VERSION_IDN
LogInit:  CurlRequestOptions (configurable via config and command line):
LogInit:  - bVerifyPeer = true  - Libcurl will verify peer certificate
LogInit:  - bUseHttpProxy = false  - Libcurl will NOT use HTTP proxy
LogInit:  - bDontReuseConnections = false  - Libcurl will reuse connections
LogInit:  - CertBundlePath = nullptr  - Libcurl will use whatever was configured at build time.
LogInit: Presizing for max 8388607 objects, including 0 objects not considered by GC, pre-allocating 0 bytes for permanent pool.
LogInit: Object subsystem initialized
[2017.02.27-15.30.21:726][  0]LogInit: Selected Device Profile: [Windows]
[2017.02.27-15.30.21:726][  0]LogInit: Applying CVar settings loaded from the selected device profile: [Windows]
[2017.02.27-15.30.21:761][  0]LogInit: Computer: TU45367
[2017.02.27-15.30.21:761][  0]LogInit: User: q5059907
[2017.02.27-15.30.21:761][  0]LogInit: CPU Page size=65536, Cores=6
[2017.02.27-15.30.21:761][  0]LogInit: High frequency timer resolution =3.410067 MHz
[2017.02.27-15.30.21:761][  0]LogMemory: Memory total: Physical=31.9GB (32GB approx)
[2017.02.27-15.30.21:761][  0]LogMemory: Platform Memory Stats for Windows
[2017.02.27-15.30.21:761][  0]LogMemory: Process Physical Memory: 192.14 MB used, 192.14 MB peak
[2017.02.27-15.30.21:761][  0]LogMemory: Process Virtual Memory: 195.68 MB used, 195.68 MB peak
[2017.02.27-15.30.21:761][  0]LogMemory: Physical Memory: 5160.92 MB used, 32684.16 MB total
[2017.02.27-15.30.21:761][  0]LogMemory: Virtual Memory: 543.04 MB used, 134217728.00 MB total
[2017.02.27-15.30.21:931][  0]LogTextLocalizationManager: No specific translations for ('en-GB') exist, so ('en') translations will be used.
[2017.02.27-15.30.22:304][  0]LogD3D11RHI: D3D11 adapters:
[2017.02.27-15.30.22:329][  0]LogD3D11RHI:    0. 'NVIDIA GeForce GTX 980 Ti' (Feature Level 11_0)
[2017.02.27-15.30.22:329][  0]LogD3D11RHI:       6047/0/16342 MB DedicatedVideo/DedicatedSystem/SharedSystem, Outputs:2, VendorId:0x10de
[2017.02.27-15.30.22:331][  0]LogD3D11RHI:    1. 'Microsoft Basic Render Driver' (Feature Level 11_0)
[2017.02.27-15.30.22:331][  0]LogD3D11RHI:       0/0/16342 MB DedicatedVideo/DedicatedSystem/SharedSystem, Outputs:0, VendorId:0x1414
[2017.02.27-15.30.22:331][  0]LogD3D11RHI: Chosen D3D11 Adapter: 0
[2017.02.27-15.30.22:335][  0]LogD3D11RHI: Creating new Direct3DDevice
[2017.02.27-15.30.22:336][  0]LogD3D11RHI:     GPU DeviceId: 0x17c8 (for the marketing name, search the web for "GPU Device Id")
[2017.02.27-15.30.22:336][  0]LogWindows: EnumDisplayDevices:
[2017.02.27-15.30.22:336][  0]LogWindows:    0. 'NVIDIA GeForce GTX 980 Ti' (P:1 D:1)
[2017.02.27-15.30.22:336][  0]LogWindows:    1. 'NVIDIA GeForce GTX 980 Ti' (P:0 D:1)
[2017.02.27-15.30.22:336][  0]LogWindows:    2. 'NVIDIA GeForce GTX 980 Ti' (P:0 D:0)
[2017.02.27-15.30.22:336][  0]LogWindows:    3. 'NVIDIA GeForce GTX 980 Ti' (P:0 D:0)
[2017.02.27-15.30.22:336][  0]LogWindows: DebugString: FoundDriverCount:4 
[2017.02.27-15.30.22:336][  0]LogD3D11RHI:     Adapter Name: NVIDIA GeForce GTX 980 Ti
[2017.02.27-15.30.22:336][  0]LogD3D11RHI:   Driver Version: 368.39 (internal:10.18.13.6839, unified:368.39)
[2017.02.27-15.30.22:336][  0]LogD3D11RHI:      Driver Date: 6-2-2016
[2017.02.27-15.30.22:336][  0]LogRHI: Texture pool is 1361 MB (70% of 1945 MB)
[2017.02.27-15.30.22:347][  0]LogD3D11RHI: Async texture creation enabled
[2017.02.27-15.30.22:357][  0]LogD3D11RHI: GPU Timing Frequency: 1000.000000 (Debug: 2 1)
[2017.02.27-15.30.22:357][  0]LogShaderCompilers: Guid format shader working directory is -9 characters bigger than the processId version (../../../../../../Users/q5059907/Desktop/Journeyman-Team-9/Intermediate/Shaders/WorkingDirectory/6540/).
[2017.02.27-15.30.22:357][  0]LogShaderCompilers: Cleaned the shader compiler working directory 'C:/Users/q5059907/AppData/Local/Temp/UnrealShaderWorkingDir/1F8047974E11A35B33DDAEBA6EEC8B36/'.
[2017.02.27-15.30.22:357][  0]LogShaderCompilers:Display: Using Local Shader Compiler.
[2017.02.27-15.30.23:959][  0]LogTemp:Display: Loaded TP AllDesktopTargetPlatform
[2017.02.27-15.30.23:967][  0]LogTemp:Display: Loaded TP WindowsClientTargetPlatform
[2017.02.27-15.30.23:975][  0]LogTemp:Display: Loaded TP WindowsNoEditorTargetPlatform
[2017.02.27-15.30.23:983][  0]LogTemp:Display: Loaded TP WindowsServerTargetPlatform
[2017.02.27-15.30.23:991][  0]LogTemp:Display: Loaded TP WindowsTargetPlatform
[2017.02.27-15.30.24:001][  0]LogTemp:Display: Loaded TP AndroidTargetPlatform
[2017.02.27-15.30.24:008][  0]LogTemp:Display: Loaded TP Android_ASTCTargetPlatform
[2017.02.27-15.30.24:015][  0]LogTemp:Display: Loaded TP Android_ATCTargetPlatform
[2017.02.27-15.30.24:022][  0]LogTemp:Display: Loaded TP Android_DXTTargetPlatform
[2017.02.27-15.30.24:029][  0]LogTemp:Display: Loaded TP Android_ETC1TargetPlatform
[2017.02.27-15.30.24:035][  0]LogTemp:Display: Loaded TP Android_ETC2TargetPlatform
[2017.02.27-15.30.24:049][  0]LogTemp:Display: Loaded TP Android_MultiTargetPlatform
[2017.02.27-15.30.24:050][  0]LogTemp:Display: Loaded TP Android_PVRTCTargetPlatform
[2017.02.27-15.30.24:051][  0]LogTemp:Display: Loaded TP HTML5TargetPlatform
[2017.02.27-15.30.24:090][  0]LogTemp:Display: Loaded TP IOSTargetPlatform
[2017.02.27-15.30.24:097][  0]LogTemp:Display: Loaded TP TVOSTargetPlatform
[2017.02.27-15.30.24:104][  0]LogTemp:Display: Loaded TP LinuxNoEditorTargetPlatform
[2017.02.27-15.30.24:111][  0]LogTemp:Display: Loaded TP LinuxServerTargetPlatform
[2017.02.27-15.30.24:120][  0]LogTemp:Display: Loaded TP LinuxTargetPlatform
[2017.02.27-15.30.24:120][  0]LogTargetPlatformManager:Display: Building Assets For Windows
[2017.02.27-15.30.24:341][  0]LogDerivedDataCache:Display: Max Cache Size: 512 MB
[2017.02.27-15.30.24:392][  0]LogDerivedDataCache: Loaded boot cache 0.05s 62MB C:/Users/q5059907/AppData/Local/UnrealEngine/4.12/DerivedDataCache/Boot.ddc.
[2017.02.27-15.30.24:393][  0]LogDerivedDataCache:Display: Loaded Boot cache: C:/Users/q5059907/AppData/Local/UnrealEngine/4.12/DerivedDataCache/Boot.ddc
[2017.02.27-15.30.24:393][  0]LogDerivedDataCache: FDerivedDataBackendGraph:  Pak pak cache file ../../../../../../Users/q5059907/Desktop/Journeyman-Team-9/DerivedDataCache/DDC.ddp not found, will not use a pak cache.
[2017.02.27-15.30.24:393][  0]LogDerivedDataCache: Unable to find inner node Pak for hierarchical cache Hierarchy.
[2017.02.27-15.30.24:393][  0]LogDerivedDataCache: FDerivedDataBackendGraph:  CompressedPak pak cache file ../../../../../../Users/q5059907/Desktop/Journeyman-Team-9/DerivedDataCache/Compressed.ddp not found, will not use a pak cache.
[2017.02.27-15.30.24:393][  0]LogDerivedDataCache: Unable to find inner node CompressedPak for hierarchical cache Hierarchy.
[2017.02.27-15.30.24:411][  0]LogDerivedDataCache:Display: Pak cache opened for reading ../../../Engine/DerivedDataCache/Compressed.ddp.
[2017.02.27-15.30.24:423][  0]LogDerivedDataCache: Using Local data cache path C:/Users/q5059907/AppData/Local/UnrealEngine/Common/DerivedDataCache: Writable
[2017.02.27-15.30.25:991][  0]LogInit: Selected Device Profile: [Windows]
[2017.02.27-15.30.25:991][  0]LogContentStreaming: Texture pool size is 0.00 MB
[2017.02.27-15.30.26:123][  0]LogMeshUtilities: No automatic mesh reduction module available
[2017.02.27-15.30.26:123][  0]LogMeshUtilities: No automatic mesh merging module available
[2017.02.27-15.30.26:123][  0]LogMeshUtilities: No distributed automatic mesh merging module available
[2017.02.27-15.30.26:353][  0]LogAssetRegistry: FAssetRegistry took 0.0223 seconds to start up
[2017.02.27-15.30.26:382][  0]LogPackageLocalizationCache: Processed 3 localized package path(s) for 2 prioritized culture(s) in 0.026395 seconds
[2017.02.27-15.30.26:385][  0]LogUObjectArray: 28739 objects as part of root set at end of initial load.
[2017.02.27-15.30.26:385][  0]LogUObjectAllocator: 5855632 out of 0 bytes used by permanent object pool.
[2017.02.27-15.30.26:385][  0]LogUObjectArray: CloseDisregardForGC: 0/0 objects in disregard for GC pool
[2017.02.27-15.30.26:392][  0]LogInit: WinSock: version 1.1 (2.2), MaxSocks=32767, MaxUdp=65467
[2017.02.27-15.30.26:572][  0]LogSlate: SlateFontCache - WITH_FREETYPE: 1, WITH_HARFBUZZ: 1
[2017.02.27-15.30.26:572][  0]LogSlate: SlateFontCache - WITH_FREETYPE: 1, WITH_HARFBUZZ: 1
[2017.02.27-15.30.28:008][  0]LogSubstanceCoreModule: Substance CPU Engine Loaded, Max Texture Size 2048
[2017.02.27-15.30.28:017][  0]LogUdpMessaging: Initializing bridge on interface 0.0.0.0:0 to multicast group 230.0.0.1:6666.
[2017.02.27-15.30.28:234][  0]SourceControl: Info Source control is disabled
[2017.02.27-15.30.28:567][  0]LogEngine: Initializing Engine...
[2017.02.27-15.30.28:584][  0]LogHMD: SteamVR failed to initialize.  Err: 110
[2017.02.27-15.30.28:585][  0]LogHMD: SteamVR failed to initialize.  Err: 110
[2017.02.27-15.30.28:700][  0]LogAIModule: Creating AISystem for world NewWorld
[2017.02.27-15.30.28:705][  0]LogInit: XAudio2 using 'Speakers (Realtek High Definition Audio)' : 2 channels at 48 kHz using 32 bits per sample (channel mask 0x3)
[2017.02.27-15.30.28:746][  0]LogInit: FAudioDevice initialized.
[2017.02.27-15.30.28:768][  0]LogDerivedDataCache: Saved boot cache 0.02s 48MB C:/Users/q5059907/AppData/Local/UnrealEngine/4.12/DerivedDataCache/Boot.ddc.
[2017.02.27-15.30.28:775][  0]LogInit: Texture streaming: Enabled
[2017.02.27-15.30.28:835][  0]LogInit: Transaction tracking system initialized
[2017.02.27-15.30.28:857][  0]BlueprintLog: New page: Editor Load
[2017.02.27-15.30.28:923][  0]LocalizationService: Info Localization service is disabled
[2017.02.27-15.30.28:983][  0]LogConsoleResponse:Display: 
[2017.02.27-15.30.29:143][  0]LogCook:Display: Max memory allowance for cook 8192mb
[2017.02.27-15.30.29:143][  0]LogCook:Display: Mobile HDR setting 1
[2017.02.27-15.30.29:282][  0]LogFileCache: Scanning file cache for directory 'C:/Users/q5059907/Desktop/Journeyman-Team-9/Content/' took 0.02s
[2017.02.27-15.30.29:282][  0]Cmd: MAP LOAD FILE="../../../../../../Users/q5059907/Desktop/Journeyman-Team-9/Content/StarterContent/Maps/Menu.umap" TEMPLATE=0 SHOWPROGRESS=1 FEATURELEVEL=3
[2017.02.27-15.30.29:286][  0]LightingResults: New page: Lighting Build
[2017.02.27-15.30.29:288][  0]MapCheck: New page: Map Check
[2017.02.27-15.30.29:288][  0]LightingResults: New page: Lighting Build
[2017.02.27-15.30.29:843][  0]LogBlueprint:Warning: Compiler Warning Input Axis Event references unknown Axis 'Look_Left/Right' for  InputAxis Look_Left/Right 
[2017.02.27-15.30.29:843][  0]LogBlueprint:Warning: Compiler Warning Input Axis Event references unknown Axis 'Look_Up/Down' for  InputAxis Look_Up/Down 
[2017.02.27-15.30.29:845][  0]LogBlueprint:Warning: Compiler Warning [0009.69] Compile of PlayerCharacter successful, but with 2 Warning(s) [in 8 ms] (/Game/UI_Menu/PlayerCharacter.PlayerCharacter)
[2017.02.27-15.30.29:845][  0]LogBlueprint:Warning: Compiler Warning [0009.69] Compile of PlayerCharacter successful, but with 3 Warning(s) [in 0 ms] (/Game/UI_Menu/PlayerCharacter.PlayerCharacter)
[2017.02.27-15.30.29:845][  0]LogBlueprint:Warning: Compiler Warning [0009.69] Compile of PlayerCharacter successful, but with 4 Warning(s) [in 0 ms] (/Game/UI_Menu/PlayerCharacter.PlayerCharacter)
[2017.02.27-15.30.29:853][  0]LogBlueprint:Warning: Compiler Warning Input Axis Event references unknown Axis 'Look_Left/Right' for  InputAxis Look_Left/Right 
[2017.02.27-15.30.29:853][  0]LogBlueprint:Warning: Compiler Warning Input Axis Event references unknown Axis 'Look_Up/Down' for  InputAxis Look_Up/Down 
[2017.02.27-15.30.29:855][  0]LogBlueprint:Warning: Compiler Warning [0009.70] Compile of PlayerCharacter successful, but with 2 Warning(s) [in 8 ms] (/Game/UI_Menu/PlayerCharacter.PlayerCharacter)
[2017.02.27-15.30.29:856][  0]LogBlueprint:Warning: Compiler Warning [0009.70] Compile of PlayerCharacter successful, but with 3 Warning(s) [in 0 ms] (/Game/UI_Menu/PlayerCharacter.PlayerCharacter)
[2017.02.27-15.30.29:856][  0]LogBlueprint:Warning: Compiler Warning [0009.70] Compile of PlayerCharacter successful, but with 4 Warning(s) [in 0 ms] (/Game/UI_Menu/PlayerCharacter.PlayerCharacter)
[2017.02.27-15.30.30:428][  0]LogAIModule: Creating AISystem for world Menu
[2017.02.27-15.30.30:543][  0]LogEditorServer: Finished looking for orphan Actors (0.000 secs)
[2017.02.27-15.30.30:543][  0]Cmd: MAP CHECKDEP NOCLEARLOG
[2017.02.27-15.30.30:608][  0]MapCheck: Info Map check complete: 0 Error(s), 0 Warning(s), took 65.218ms to complete.
[2017.02.27-15.30.30:608][  0]LogFileHelpers: Loading map 'Menu' took 1.326
[2017.02.27-15.30.30:744][  0]LogCollectionManager: Loaded 0 collections in 0.001251 seconds
[2017.02.27-15.30.30:786][  0]LogFileCache: Scanning file cache for directory 'C:/Users/q5059907/Desktop/Journeyman-Team-9/Saved/Collections/' took 0.01s
[2017.02.27-15.30.30:786][  0]LogFileCache: Scanning file cache for directory 'C:/Users/q5059907/Desktop/Journeyman-Team-9/Content/Developers/q5059907/Collections/' took 0.01s
[2017.02.27-15.30.30:786][  0]LogFileCache: Scanning file cache for directory 'C:/Users/q5059907/Desktop/Journeyman-Team-9/Content/Collections/' took 0.01s
[2017.02.27-15.30.30:786][  0]LogCollectionManager: Rebuilt the GUID cache for 0 collections in 0.000003 seconds
[2017.02.27-15.30.30:793][  0]LogContentBrowser: Native class hierarchy populated in 0.0070 seconds. Added 2062 classes and 375 folders.
[2017.02.27-15.30.30:797][  0]LogStats: UGameplayTagsManager::ConstructGameplayTagTree: Construct from data asset -  0.000 s
[2017.02.27-15.30.30:797][  0]LogStats: UGameplayTagsManager::ConstructGameplayTagTree: GameplayTagTreeChangedEvent.Broadcast -  0.000 s
[2017.02.27-15.30.30:798][  0]LogContentBrowser: Native class hierarchy updated for 'GameplayTags' in 0.0005 seconds. Added 12 classes and 0 folders.
[2017.02.27-15.30.30:802][  0]LogContentBrowser: Native class hierarchy updated for 'WidgetCarousel' in 0.0004 seconds. Added 0 classes and 0 folders.
[2017.02.27-15.30.31:014][  0]LogContentBrowser: Native class hierarchy updated for 'AddContentDialog' in 0.0005 seconds. Added 0 classes and 0 folders.
[2017.02.27-15.30.31:018][  0]LogContentBrowser: Native class hierarchy updated for 'SceneOutliner' in 0.0005 seconds. Added 1 classes and 2 folders.
[2017.02.27-15.30.31:030][  0]LogCrashTracker: Crashtracker disabled due to settings.
[2017.02.27-15.30.31:233][  0]LogContentBrowser: Native class hierarchy updated for 'HierarchicalLODOutliner' in 0.0005 seconds. Added 1 classes and 2 folders.
[2017.02.27-15.30.31:233][  0]LogLoad: Full Startup: 11.07 seconds (BP compile: 0.35 seconds)
[2017.02.27-15.30.31:233][  0]LogExternalProfiler: Found external profiler: VSPerf
[2017.02.27-15.30.31:233][  0]LogExternalProfiler: Using external profiler: VSPerf
[2017.02.27-15.30.31:572][  0]LogOcInput: OculusInput pre-init called
[2017.02.27-15.30.31:602][  0]SourceControl: Info On branch Controls
[2017.02.27-15.30.31:602][  0]SourceControl: Info Your branch is up-to-date with 'origin/Controls'.
[2017.02.27-15.30.31:603][  0]SourceControl: Info Changes not staged for commit:
[2017.02.27-15.30.31:603][  0]SourceControl: Info   (use "git add/rm <file>..." to update what will be committed)
[2017.02.27-15.30.31:603][  0]SourceControl: Info   (use "git checkout -- <file>..." to discard changes in working directory)
[2017.02.27-15.30.31:603][  0]SourceControl: Info 	modified:   Content/StarterContent/Architecture/Floor_400x400.uasset
[2017.02.27-15.30.31:603][  0]SourceControl: Info 	modified:   Content/StarterContent/Materials/M_Basic_Floor.uasset
[2017.02.27-15.30.31:603][  0]SourceControl: Info 	modified:   Content/StarterContent/Materials/M_Basic_Wall.uasset
[2017.02.27-15.30.31:603][  0]SourceControl: Info 	modified:   Content/StarterContent/Particles/P_Smoke.uasset
[2017.02.27-15.30.31:603][  0]SourceControl: Info 	modified:   Intermediate/CachedAssetRegistry.bin
[2017.02.27-15.30.31:603][  0]SourceControl: Info 	deleted:    Textures/T_Brick_Clay_Beveled_D.uasset
[2017.02.27-15.30.31:603][  0]SourceControl: Info 	deleted:    ThirdPersonBP/BlockSource.uasset
[2017.02.27-15.30.31:603][  0]SourceControl: Info 	deleted:    ThirdPersonBP/Blueprints/ThirdPersonGameMode.uasset
[2017.02.27-15.30.31:603][  0]SourceControl: Info 	deleted:    ThirdPersonBP/LIGHT_BALL.uasset
[2017.02.27-15.30.31:603][  0]SourceControl: Info 	deleted:    ThirdPersonBP/Leaf.uasset
[2017.02.27-15.30.31:603][  0]SourceControl: Info 	deleted:    ThirdPersonBP/Maps/ThirdPersonExampleMap.umap
[2017.02.27-15.30.31:603][  0]SourceControl: Info 	deleted:    ThirdPersonBP/ThirdPersonOverview.uasset
[2017.02.27-15.30.31:603][  0]SourceControl: Info 	deleted:    ThirdPersonBP/VentSource.uasset
[2017.02.27-15.30.31:603][  0]SourceControl: Info 	deleted:    ThirdPersonBP/WIND.uasset
[2017.02.27-15.30.31:603][  0]SourceControl: Info 	deleted:    ThirdPersonBP/WIND_h-.uasset
[2017.02.27-15.30.31:603][  0]SourceControl: Info 	deleted:    ThirdPersonBP/WINDslow.uasset
[2017.02.27-15.30.31:603][  0]SourceControl: Info 	deleted:    ThirdPersonBP/WINDvent.uasset
[2017.02.27-15.30.31:603][  0]SourceControl: Info 	deleted:    ThirdPersonBP/WindCatapult/SplineCatapult.uasset
[2017.02.27-15.30.31:603][  0]SourceControl: Info 	deleted:    ThirdPersonBP/fixme/GUST.uasset
[2017.02.27-15.30.31:603][  0]SourceControl: Info 	deleted:    ThirdPersonBP/fixme/WIND_Source.uasset
[2017.02.27-15.30.31:603][  0]SourceControl: Info 	deleted:    ThirdPersonBP/fixme/WIND_h.uasset
[2017.02.27-15.30.31:603][  0]SourceControl: Info 	deleted:    ThirdPersonBP/fixme/WINDslow.uasset
[2017.02.27-15.30.31:603][  0]SourceControl: Info 	deleted:    UI_Menu/CheckPoint.uasset
[2017.02.27-15.30.31:603][  0]SourceControl: Info 	deleted:    UI_Menu/CheckPointBP.uasset
[2017.02.27-15.30.31:603][  0]SourceControl: Info 	deleted:    UI_Menu/DeathDrop.uasset
[2017.02.27-15.30.31:603][  0]SourceControl: Info 	deleted:    UI_Menu/LoadingScreen.uasset
[2017.02.27-15.30.31:603][  0]SourceControl: Info 	deleted:    UI_Menu/MainMenu_GameMode.uasset
[2017.02.27-15.30.31:603][  0]SourceControl: Info 	deleted:    UI_Menu/MainMenu_HUD.uasset
[2017.02.27-15.30.31:603][  0]SourceControl: Info 	deleted:    UI_Menu/MainMenu_Widget.uasset
[2017.02.27-15.30.31:603][  0]SourceControl: Info 	deleted:    UI_Menu/Menu_Assets/1280x720_Button.uasset
[2017.02.27-15.30.31:603][  0]SourceControl: Info 	deleted:    UI_Menu/Menu_Assets/1920x1080_Button.uasset
[2017.02.27-15.30.31:603][  0]SourceControl: Info 	deleted:    UI_Menu/Menu_Assets/640x480_Button.uasset
[2017.02.27-15.30.31:603][  0]SourceControl: Info 	deleted:    UI_Menu/Menu_Assets/Back_Button.uasset
[2017.02.27-15.30.31:603][  0]SourceControl: Info 	deleted:    UI_Menu/Menu_Assets/Background_Image.uasset
[2017.02.27-15.30.31:603][  0]SourceControl: Info 	deleted:    UI_Menu/Menu_Assets/Controls_Button.uasset
[2017.02.27-15.30.31:603][  0]SourceControl: Info 	deleted:    UI_Menu/Menu_Assets/LoadGame_Button.uasset
[2017.02.27-15.30.31:603][  0]SourceControl: Info 	deleted:    UI_Menu/Menu_Assets/LoadingScreen.uasset
[2017.02.27-15.30.31:603][  0]SourceControl: Info 	deleted:    UI_Menu/Menu_Assets/MainMenu_Button.uasset
[2017.02.27-15.30.31:603][  0]SourceControl: Info 	deleted:    UI_Menu/Menu_Assets/NewGame_Button.uasset
[2017.02.27-15.30.31:603][  0]SourceControl: Info 	deleted:    UI_Menu/Menu_Assets/Options_Button.uasset
[2017.02.27-15.30.31:603][  0]SourceControl: Info 	deleted:    UI_Menu/Menu_Assets/QuitGame_Button.uasset
[2017.02.27-15.30.31:603][  0]SourceControl: Info 	deleted:    UI_Menu/Menu_Assets/Resolution_Button.uasset
[2017.02.27-15.30.31:603][  0]SourceControl: Info 	deleted:    UI_Menu/MySaveGame.uasset
[2017.02.27-15.30.31:603][  0]SourceControl: Info 	deleted:    UI_Menu/PauseMenu.uasset
[2017.02.27-15.30.31:603][  0]SourceControl: Info 	deleted:    UI_Menu/PlayerCharacter.uasset
[2017.02.27-15.30.31:603][  0]SourceControl: Info Untracked files:
[2017.02.27-15.30.31:603][  0]SourceControl: Info   (use "git add <file>..." to include in what will be committed)
[2017.02.27-15.30.31:603][  0]SourceControl: Info 	Content/StarterContent/Architecture/Pillar_50x500.uasset
[2017.02.27-15.30.31:603][  0]SourceControl: Info 	Content/StarterContent/Architecture/SM_AssetPlatform.uasset
[2017.02.27-15.30.31:603][  0]SourceControl: Info 	Content/StarterContent/Architecture/Wall_400x200.uasset
[2017.02.27-15.30.31:603][  0]SourceControl: Info 	Content/StarterContent/Architecture/Wall_400x300.uasset
[2017.02.27-15.30.31:603][  0]SourceControl: Info 	Content/StarterContent/Architecture/Wall_400x400.uasset
[2017.02.27-15.30.31:603][  0]SourceControl: Info 	Content/StarterContent/Architecture/Wall_500x500.uasset
[2017.02.27-15.30.31:603][  0]SourceControl: Info 	Content/StarterContent/Architecture/Wall_Door_400x300.uasset
[2017.02.27-15.30.31:603][  0]SourceControl: Info 	Content/StarterContent/Architecture/Wall_Door_400x400.uasset
[2017.02.27-15.30.31:603][  0]SourceControl: Info 	Content/StarterContent/Architecture/Wall_Window_400x300.uasset
[2017.02.27-15.30.31:603][  0]SourceControl: Info 	Content/StarterContent/Architecture/Wall_Window_400x400.uasset
[2017.02.27-15.30.31:603][  0]SourceControl: Info 	Content/StarterContent/Audio/Collapse01.uasset
[2017.02.27-15.30.31:603][  0]SourceControl: Info 	Content/StarterContent/Audio/Collapse02.uasset
[2017.02.27-15.30.31:603][  0]SourceControl: Info 	Content/StarterContent/Audio/Collapse_Cue.uasset
[2017.02.27-15.30.31:603][  0]SourceControl: Info 	Content/StarterContent/Audio/Explosion01.uasset
[2017.02.27-15.30.31:603][  0]SourceControl: Info 	Content/StarterContent/Audio/Explosion02.uasset
[2017.02.27-15.30.31:603][  0]SourceControl: Info 	Content/StarterContent/Audio/Explosion_Cue.uasset
[2017.02.27-15.30.31:603][  0]SourceControl: Info 	Content/StarterContent/Audio/Fire01.uasset
[2017.02.27-15.30.31:603][  0]SourceControl: Info 	Content/StarterContent/Audio/Fire01_Cue.uasset
[2017.02.27-15.30.31:603][  0]SourceControl: Info 	Content/StarterContent/Audio/Fire_Sparks01.uasset
[2017.02.27-15.30.31:603][  0]SourceControl: Info 	Content/StarterContent/Audio/Fire_Sparks01_Cue.uasset
[2017.02.27-15.30.31:603][  0]SourceControl: Info 	Content/StarterContent/Audio/Light01.uasset
[2017.02.27-15.30.31:603][  0]SourceControl: Info 	Content/StarterContent/Audio/Light01_Cue.uasset
[2017.02.27-15.30.31:603][  0]SourceControl: Info 	Content/StarterContent/Audio/Light02.uasset
[2017.02.27-15.30.31:603][  0]SourceControl: Info 	Content/StarterContent/Audio/Light02_Cue.uasset
[2017.02.27-15.30.31:603][  0]SourceControl: Info 	Content/StarterContent/Audio/Smoke01.uasset
[2017.02.27-15.30.31:603][  0]SourceControl: Info 	Content/StarterContent/Audio/Smoke01_Cue.uasset
[2017.02.27-15.30.31:603][  0]SourceControl: Info 	Content/StarterContent/Audio/Starter_Music01.uasset
[2017.02.27-15.30.31:603][  0]SourceControl: Info 	Content/StarterContent/Audio/Starter_Music_Cue.uasset
[2017.02.27-15.30.31:603][  0]SourceControl: Info 	Content/StarterContent/Audio/Steam01.uasset
[2017.02.27-15.30.31:603][  0]SourceControl: Info 	Content/StarterContent/Audio/Steam01_Cue.uasset
[2017.02.27-15.30.31:603][  0]SourceControl: Info 	Content/StarterContent/Blueprints/
[2017.02.27-15.30.31:603][  0]SourceControl: Info 	Content/StarterContent/HDRI/
[2017.02.27-15.30.31:603][  0]SourceControl: Info 	Content/StarterContent/Maps/Advanced_Lighting.umap
[2017.02.27-15.30.31:603][  0]SourceControl: Info 	Content/StarterContent/Maps/Minimal_Default.umap
[2017.02.27-15.30.31:603][  0]SourceControl: Info 	Content/StarterContent/Maps/StarterMap.umap
[2017.02.27-15.30.31:603][  0]SourceControl: Info 	Content/StarterContent/Materials/M_AssetPlatform.uasset
[2017.02.27-15.30.31:603][  0]SourceControl: Info 	Content/StarterContent/Materials/M_Brick_Clay_Beveled.uasset
[2017.02.27-15.30.31:603][  0]SourceControl: Info 	Content/StarterContent/Materials/M_Brick_Clay_New.uasset
[2017.02.27-15.30.31:603][  0]SourceControl: Info 	Content/StarterContent/Materials/M_Brick_Clay_Old.uasset
[2017.02.27-15.30.31:603][  0]SourceControl: Info 	Content/StarterContent/Materials/M_Brick_Cut_Stone.uasset
[2017.02.27-15.30.31:603][  0]SourceControl: Info 	Content/StarterContent/Materials/M_Ceramic_Tile_Checker.uasset
[2017.02.27-15.30.31:603][  0]SourceControl: Info 	Content/StarterContent/Materials/M_CobbleStone_Pebble.uasset
[2017.02.27-15.30.31:603][  0]SourceControl: Info 	Content/StarterContent/Materials/M_CobbleStone_Smooth.uasset
[2017.02.27-15.30.31:603][  0]SourceControl: Info 	Content/StarterContent/Materials/M_ColorGrid_LowSpec.uasset
[2017.02.27-15.30.31:603][  0]SourceControl: Info 	Content/StarterContent/Materials/M_Concrete_Grime.uasset
[2017.02.27-15.30.31:603][  0]SourceControl: Info 	Content/StarterContent/Materials/M_Concrete_Panels.uasset
[2017.02.27-15.30.31:603][  0]SourceControl: Info 	Content/StarterContent/Materials/M_Concrete_Poured.uasset
[2017.02.27-15.30.31:603][  0]SourceControl: Info 	Content/StarterContent/Materials/M_Concrete_Tiles.uasset
[2017.02.27-15.30.31:603][  0]SourceControl: Info 	Content/StarterContent/Materials/M_Glass.uasset
[2017.02.27-15.30.31:603][  0]SourceControl: Info 	Content/StarterContent/Materials/M_Ground_Grass.uasset
[2017.02.27-15.30.31:603][  0]SourceControl: Info 	Content/StarterContent/Materials/M_Ground_Gravel.uasset
[2017.02.27-15.30.31:603][  0]SourceControl: Info 	Content/StarterContent/Materials/M_Ground_Moss.uasset
[2017.02.27-15.30.31:603][  0]SourceControl: Info 	Content/StarterContent/Materials/M_Metal_Chrome.uasset
[2017.02.27-15.30.31:603][  0]SourceControl: Info 	Content/StarterContent/Materials/M_Metal_Gold.uasset
[2017.02.27-15.30.31:603][  0]SourceControl: Info 	Content/StarterContent/Materials/M_Metal_Rust.uasset
[2017.02.27-15.30.31:604][  0]SourceControl: Info 	Content/StarterContent/Materials/M_Metal_Steel.uasset
[2017.02.27-15.30.31:604][  0]SourceControl: Info 	Content/StarterContent/Materials/M_Rock_Basalt.uasset
[2017.02.27-15.30.31:604][  0]SourceControl: Info 	Content/StarterContent/Materials/M_Rock_Marble_Polished.uasset
[2017.02.27-15.30.31:604][  0]SourceControl: Info 	Content/StarterContent/Materials/M_Rock_Sandstone.uasset
[2017.02.27-15.30.31:604][  0]SourceControl: Info 	Content/StarterContent/Materials/M_Rock_Slate.uasset
[2017.02.27-15.30.31:604][  0]SourceControl: Info 	Content/StarterContent/Materials/M_Tech_Checker_Dot.uasset
[2017.02.27-15.30.31:604][  0]SourceControl: Info 	Content/StarterContent/Materials/M_Tech_Hex_Tile.uasset
[2017.02.27-15.30.31:604][  0]SourceControl: Info 	Content/StarterContent/Materials/M_Tech_Hex_Tile_Pulse.uasset
[2017.02.27-15.30.31:604][  0]SourceControl: Info 	Content/StarterContent/Materials/M_Tech_Panel.uasset
[2017.02.27-15.30.31:604][  0]SourceControl: Info 	Content/StarterContent/Materials/M_Water_Lake.uasset
[2017.02.27-15.30.31:604][  0]SourceControl: Info 	Content/StarterContent/Materials/M_Water_Ocean.uasset
[2017.02.27-15.30.31:604][  0]SourceControl: Info 	Content/StarterContent/Materials/M_Wood_Floor_Walnut_Polished.uasset
[2017.02.27-15.30.31:604][  0]SourceControl: Info 	Content/StarterContent/Materials/M_Wood_Floor_Walnut_Worn.uasset
[2017.02.27-15.30.31:604][  0]SourceControl: Info 	Content/StarterContent/Materials/M_Wood_Oak.uasset
[2017.02.27-15.30.31:604][  0]SourceControl: Info 	Content/StarterContent/Materials/M_Wood_Pine.uasset
[2017.02.27-15.30.31:604][  0]SourceControl: Info 	Content/StarterContent/Materials/M_Wood_Walnut.uasset
[2017.02.27-15.30.31:604][  0]SourceControl: Info 	Content/StarterContent/Particles/Materials/M_Burst.uasset
[2017.02.27-15.30.31:604][  0]SourceControl: Info 	Content/StarterContent/Particles/Materials/M_Dust_Particle.uasset
[2017.02.27-15.30.31:604][  0]SourceControl: Info 	Content/StarterContent/Particles/Materials/M_Fire_SubUV.uasset
[2017.02.27-15.30.31:604][  0]SourceControl: Info 	Content/StarterContent/Particles/Materials/M_Heat_Distortion.uasset
[2017.02.27-15.30.31:604][  0]SourceControl: Info 	Content/StarterContent/Particles/Materials/M_Radial_Gradient.uasset
[2017.02.27-15.30.31:604][  0]SourceControl: Info 	Content/StarterContent/Particles/Materials/M_Spark.uasset
[2017.02.27-15.30.31:604][  0]SourceControl: Info 	Content/StarterContent/Particles/Materials/M_explosion_subUV.uasset
[2017.02.27-15.30.31:604][  0]SourceControl: Info 	Content/StarterContent/Particles/Materials/M_radial_ramp.uasset
[2017.02.27-15.30.31:604][  0]SourceControl: Info 	Content/StarterContent/Particles/Materials/m_flare_01.uasset
[2017.02.27-15.30.31:604][  0]SourceControl: Info 	Content/StarterContent/Particles/P_Ambient_Dust.uasset
[2017.02.27-15.30.31:604][  0]SourceControl: Info 	Content/StarterContent/Particles/P_Explosion.uasset
[2017.02.27-15.30.31:604][  0]SourceControl: Info 	Content/StarterContent/Particles/P_Fire.uasset
[2017.02.27-15.30.31:604][  0]SourceControl: Info 	Content/StarterContent/Particles/P_Sparks.uasset
[2017.02.27-15.30.31:604][  0]SourceControl: Info 	Content/StarterContent/Props/MaterialSphere.uasset
[2017.02.27-15.30.31:604][  0]SourceControl: Info 	Content/StarterContent/Props/Materials/M_Bush.uasset
[2017.02.27-15.30.31:604][  0]SourceControl: Info 	Content/StarterContent/Props/Materials/M_Door.uasset
[2017.02.27-15.30.31:604][  0]SourceControl: Info 	Content/StarterContent/Props/Materials/M_Frame.uasset
[2017.02.27-15.30.31:604][  0]SourceControl: Info 	Content/StarterContent/Props/Materials/M_Lamp.uasset
[2017.02.27-15.30.31:604][  0]SourceControl: Info 	Content/StarterContent/Props/Materials/M_MaterialSphere.uasset
[2017.02.27-15.30.31:604][  0]SourceControl: Info 	Content/StarterContent/Props/Materials/M_MaterialSphere_Plain.uasset
[2017.02.27-15.30.31:604][  0]SourceControl: Info 	Content/StarterContent/Props/Materials/M_Rock.uasset
[2017.02.27-15.30.31:604][  0]SourceControl: Info 	Content/StarterContent/Props/Materials/M_Shelf.uasset
[2017.02.27-15.30.31:604][  0]SourceControl: Info 	Content/StarterContent/Props/SM_Bush.uasset
[2017.02.27-15.30.31:604][  0]SourceControl: Info 	Content/StarterContent/Props/SM_CornerFrame.uasset
[2017.02.27-15.30.31:604][  0]SourceControl: Info 	Content/StarterContent/Props/SM_Couch.uasset
[2017.02.27-15.30.31:604][  0]SourceControl: Info 	Content/StarterContent/Props/SM_Door.uasset
[2017.02.27-15.30.31:604][  0]SourceControl: Info 	Content/StarterContent/Props/SM_DoorFrame.uasset
[2017.02.27-15.30.31:604][  0]SourceControl: Info 	Content/StarterContent/Props/SM_GlassWindow.uasset
[2017.02.27-15.30.31:604][  0]SourceControl: Info 	Content/StarterContent/Props/SM_Lamp_Ceiling.uasset
[2017.02.27-15.30.31:604][  0]SourceControl: Info 	Content/StarterContent/Props/SM_Lamp_Wall.uasset
[2017.02.27-15.30.31:604][  0]SourceControl: Info 	Content/StarterContent/Props/SM_MatPreviewMesh_02.uasset
[2017.02.27-15.30.31:604][  0]SourceControl: Info 	Content/StarterContent/Props/SM_PillarFrame.uasset
[2017.02.27-15.30.31:604][  0]SourceControl: Info 	Content/StarterContent/Props/SM_PillarFrame300.uasset
[2017.02.27-15.30.31:604][  0]SourceControl: Info 	Content/StarterContent/Props/SM_Rock.uasset
[2017.02.27-15.30.31:604][  0]SourceControl: Info 	Content/StarterContent/Props/SM_Shelf.uasset
[2017.02.27-15.30.31:604][  0]SourceControl: Info 	Content/StarterContent/Props/SM_Stairs.uasset
[2017.02.27-15.30.31:604][  0]SourceControl: Info 	Content/StarterContent/Props/SM_WindowFrame.uasset
[2017.02.27-15.30.31:604][  0]SourceControl: Info 	Content/StarterContent/Shapes/
[2017.02.27-15.30.31:604][  0]SourceControl: Info 	Content/StarterContent/Textures/T_Brick_Clay_Beveled_D.uasset
[2017.02.27-15.30.31:604][  0]SourceControl: Info 	Content/StarterContent/Textures/T_Brick_Clay_Beveled_M.uasset
[2017.02.27-15.30.31:604][  0]SourceControl: Info 	Content/StarterContent/Textures/T_Brick_Clay_Beveled_N.uasset
[2017.02.27-15.30.31:604][  0]SourceControl: Info 	Content/StarterContent/Textures/T_Brick_Clay_New_D.uasset
[2017.02.27-15.30.31:604][  0]SourceControl: Info 	Content/StarterContent/Textures/T_Brick_Clay_New_M.uasset
[2017.02.27-15.30.31:604][  0]SourceControl: Info 	Content/StarterContent/Textures/T_Brick_Clay_New_N.uasset
[2017.02.27-15.30.31:604][  0]SourceControl: Info 	Content/StarterContent/Textures/T_Brick_Clay_Old_D.uasset
[2017.02.27-15.30.31:604][  0]SourceControl: Info 	Content/StarterContent/Textures/T_Brick_Clay_Old_N.uasset
[2017.02.27-15.30.31:604][  0]SourceControl: Info 	Content/StarterContent/Textures/T_Brick_Cut_Stone_D.uasset
[2017.02.27-15.30.31:604][  0]SourceControl: Info 	Content/StarterContent/Textures/T_Brick_Cut_Stone_N.uasset
[2017.02.27-15.30.31:604][  0]SourceControl: Info 	Content/StarterContent/Textures/T_Burst_M.uasset
[2017.02.27-15.30.31:604][  0]SourceControl: Info 	Content/StarterContent/Textures/T_Bush_D.uasset
[2017.02.27-15.30.31:604][  0]SourceControl: Info 	Content/StarterContent/Textures/T_Bush_N.uasset
[2017.02.27-15.30.31:604][  0]SourceControl: Info 	Content/StarterContent/Textures/T_Ceramic_Tile_M.uasset
[2017.02.27-15.30.31:604][  0]SourceControl: Info 	Content/StarterContent/Textures/T_Ceramic_Tile_N.uasset
[2017.02.27-15.30.31:604][  0]SourceControl: Info 	Content/StarterContent/Textures/T_Checker_Noise_M.uasset
[2017.02.27-15.30.31:604][  0]SourceControl: Info 	Content/StarterContent/Textures/T_CobbleStone_Pebble_D.uasset
[2017.02.27-15.30.31:604][  0]SourceControl: Info 	Content/StarterContent/Textures/T_CobbleStone_Pebble_M.uasset
[2017.02.27-15.30.31:604][  0]SourceControl: Info 	Content/StarterContent/Textures/T_CobbleStone_Pebble_N.uasset
[2017.02.27-15.30.31:604][  0]SourceControl: Info 	Content/StarterContent/Textures/T_CobbleStone_Smooth_D.uasset
[2017.02.27-15.30.31:604][  0]SourceControl: Info 	Content/StarterContent/Textures/T_CobbleStone_Smooth_M.uasset
[2017.02.27-15.30.31:604][  0]SourceControl: Info 	Content/StarterContent/Textures/T_CobbleStone_Smooth_N.uasset
[2017.02.27-15.30.31:604][  0]SourceControl: Info 	Content/StarterContent/Textures/T_Concrete_Grime_D.uasset
[2017.02.27-15.30.31:604][  0]SourceControl: Info 	Content/StarterContent/Textures/T_Concrete_Panels_D.uasset
[2017.02.27-15.30.31:604][  0]SourceControl: Info 	Content/StarterContent/Textures/T_Concrete_Panels_N.uasset
[2017.02.27-15.30.31:604][  0]SourceControl: Info 	Content/StarterContent/Textures/T_Concrete_Poured_D.uasset
[2017.02.27-15.30.31:604][  0]SourceControl: Info 	Content/StarterContent/Textures/T_Concrete_Poured_N.uasset
[2017.02.27-15.30.31:604][  0]SourceControl: Info 	Content/StarterContent/Textures/T_Concrete_Tiles_D.uasset
[2017.02.27-15.30.31:604][  0]SourceControl: Info 	Content/StarterContent/Textures/T_Concrete_Tiles_M.uasset
[2017.02.27-15.30.31:604][  0]SourceControl: Info 	Content/StarterContent/Textures/T_Concrete_Tiles_N.uasset
[2017.02.27-15.30.31:604][  0]SourceControl: Info 	Content/StarterContent/Textures/T_Concrete_Tiles_Variation_M.uasset
[2017.02.27-15.30.31:604][  0]SourceControl: Info 	Content/StarterContent/Textures/T_Door_M.uasset
[2017.02.27-15.30.31:604][  0]SourceControl: Info 	Content/StarterContent/Textures/T_Door_N.uasset
[2017.02.27-15.30.31:604][  0]SourceControl: Info 	Content/StarterContent/Textures/T_Dust_Particle_D.uasset
[2017.02.27-15.30.31:604][  0]SourceControl: Info 	Content/StarterContent/Textures/T_Explosion_SubUV.uasset
[2017.02.27-15.30.31:604][  0]SourceControl: Info 	Content/StarterContent/Textures/T_Fire_SubUV.uasset
[2017.02.27-15.30.31:604][  0]SourceControl: Info 	Content/StarterContent/Textures/T_Fire_Tiled_D.uasset
[2017.02.27-15.30.31:604][  0]SourceControl: Info 	Content/StarterContent/Textures/T_Frame_M.uasset
[2017.02.27-15.30.31:604][  0]SourceControl: Info 	Content/StarterContent/Textures/T_Frame_N.uasset
[2017.02.27-15.30.31:604][  0]SourceControl: Info 	Content/StarterContent/Textures/T_Ground_Grass_D.uasset
[2017.02.27-15.30.31:604][  0]SourceControl: Info 	Content/StarterContent/Textures/T_Ground_Grass_N.uasset
[2017.02.27-15.30.31:604][  0]SourceControl: Info 	Content/StarterContent/Textures/T_Ground_Gravel_D.uasset
[2017.02.27-15.30.31:604][  0]SourceControl: Info 	Content/StarterContent/Textures/T_Ground_Gravel_N.uasset
[2017.02.27-15.30.31:604][  0]SourceControl: Info 	Content/StarterContent/Textures/T_Ground_Moss_N.uasset
[2017.02.27-15.30.31:604][  0]SourceControl: Info 	Content/StarterContent/Textures/T_Lamp_M.uasset
[2017.02.27-15.30.31:604][  0]SourceControl: Info 	Content/StarterContent/Textures/T_Lamp_N.uasset
[2017.02.27-15.30.31:604][  0]SourceControl: Info 	Content/StarterContent/Textures/T_Metal_Gold_D.uasset
[2017.02.27-15.30.31:604][  0]SourceControl: Info 	Content/StarterContent/Textures/T_Metal_Rust_D.uasset
[2017.02.27-15.30.31:604][  0]SourceControl: Info 	Content/StarterContent/Textures/T_Metal_Rust_N.uasset
[2017.02.27-15.30.31:604][  0]SourceControl: Info 	Content/StarterContent/Textures/T_Metal_Steel_D.uasset
[2017.02.27-15.30.31:605][  0]SourceControl: Info 	Content/StarterContent/Textures/T_Metal_Steel_N.uasset
[2017.02.27-15.30.31:605][  0]SourceControl: Info 	Content/StarterContent/Textures/T_Perlin_Noise_M.uasset
[2017.02.27-15.30.31:605][  0]SourceControl: Info 	Content/StarterContent/Textures/T_RockMesh_M.uasset
[2017.02.27-15.30.31:605][  0]SourceControl: Info 	Content/StarterContent/Textures/T_RockMesh_N.uasset
[2017.02.27-15.30.31:605][  0]SourceControl: Info 	Content/StarterContent/Textures/T_Rock_Basalt_D.uasset
[2017.02.27-15.30.31:605][  0]SourceControl: Info 	Content/StarterContent/Textures/T_Rock_Basalt_N.uasset
[2017.02.27-15.30.31:605][  0]SourceControl: Info 	Content/StarterContent/Textures/T_Rock_Marble_Polished_D.uasset
[2017.02.27-15.30.31:605][  0]SourceControl: Info 	Content/StarterContent/Textures/T_Rock_Sandstone_D.uasset
[2017.02.27-15.30.31:605][  0]SourceControl: Info 	Content/StarterContent/Textures/T_Rock_Sandstone_N.uasset
[2017.02.27-15.30.31:605][  0]SourceControl: Info 	Content/StarterContent/Textures/T_Rock_Slate_D.uasset
[2017.02.27-15.30.31:605][  0]SourceControl: Info 	Content/StarterContent/Textures/T_Rock_Slate_N.uasset
[2017.02.27-15.30.31:605][  0]SourceControl: Info 	Content/StarterContent/Textures/T_Shelf_M.uasset
[2017.02.27-15.30.31:605][  0]SourceControl: Info 	Content/StarterContent/Textures/T_Shelf_N.uasset
[2017.02.27-15.30.31:605][  0]SourceControl: Info 	Content/StarterContent/Textures/T_Single_Tile_N.uasset
[2017.02.27-15.30.31:605][  0]SourceControl: Info 	Content/StarterContent/Textures/T_Spark_Core.uasset